<html xmlns:math="http://exslt.org/math" xmlns:testng="http://testng.org">
   <head>
      <title>TestNG Results</title>
      <meta http-equiv="content-type" content="text/html; charset=utf-8"></meta>
      <meta http-equiv="pragma" content="no-cache"></meta>
      <meta http-equiv="cache-control" content="max-age=0"></meta>
      <meta http-equiv="cache-control" content="no-cache"></meta>
      <meta http-equiv="cache-control" content="no-store"></meta>
      <LINK rel="stylesheet" href="style.css"></LINK>
      <script type="text/javascript" src="main.js"></script>
   </head>
   <body>
      <table width="100%" style="font-size: 16px; margin-bottom: 10px;" cellspacing="1">
         <tr>
            <td width="100%">
               Test case
               
               <b>NewTest1</b>
            </td>
            <td style="background-color: #FFBBBB; padding: 3px 3px 3px 0;" align="center">
               <div style="width: 50px;">0</div>
            </td>
            <td style="background-color: lightgreen; padding: 3px 3px 3px 0;" align="center">
               <div style="width: 50px;">0</div>
            </td>
            <td style="background-color: #FFFFBB; padding: 3px 3px 3px 0;" align="center">
               <div style="width: 50px;">7</div>
            </td>
            <td align="center" style="background-color: #eaf0f7; padding: 3px 3px 3px 0;">
               <div style="width: 50px;">7</div>
            </td>
            <td align="center"
                style="font-weight: bold; background-color: #eaf0f7; padding: 3px 3px 3px 0;">
               <div style="width: 50px;">0%</div>
            </td>
         </tr>
      </table>
      <div style="width: 200px;">
         <label for="groupMethodsCheckBox" style="font-weight: bold; margin: 0;">
            <input id="groupMethodsCheckBox" type="checkbox" onclick="switchTestMethodsView(this)"></input>
            Group by class
            
         </label>
         <br></br>
         <label for="methodsFilter_ALL" style="font-weight: bold; margin: 0;">
            <input id="methodsFilter_ALL" type="checkbox"
                   onclick="testMethodsFilterChanged(this, 'ALL')"></input>
            All
            
         </label>
      </div>
      <label for="methodsFilter_FAIL" style="margin-left: 20px;">
         <input id="methodsFilter_FAIL" type="checkbox"
                onclick="testMethodsFilterChanged(this, 'FAIL')"
                checked=""></input>
         Failed
         
      </label>
      <label for="methodsFilter_PASS">
         <input id="methodsFilter_PASS" type="checkbox"
                onclick="testMethodsFilterChanged(this, 'PASS')"
                checked=""></input>
         Passed
         
      </label>
      <label for="methodsFilter_SKIP">
         <input id="methodsFilter_SKIP" type="checkbox"
                onclick="testMethodsFilterChanged(this, 'SKIP')"
                checked=""></input>
         Skipped
         
      </label>
      <label for="methodsFilter_CONF">
         <input id="methodsFilter_CONF" type="checkbox"
                onclick="testMethodsFilterChanged(this, 'CONF')"></input>
         Config
         
      </label>
      <br></br>
      <div id="testMethodsByStatus">
         <table class="testMethodsTable" cellpadding="0" cellspacing="0">
            <tr class="methodsTableHeader">
               <td width="100%">Name</td>
               <td nowrap="true">Started</td>
               <td nowrap="true">Duration</td>
               <td>Exception</td>
            </tr>
            <tr id="com.selenium.testCase.CardTeacherTest_BeforeClass_byStatus_failed_FAIL1_row"
                class="testMethodStatusFAIL testMethodStatusCONF">
               <td width="100%" class="firstMethodCell">
                  <a onclick="toggleDetailsVisibility('com.selenium.testCase.CardTeacherTest_BeforeClass_byStatus_failed_FAIL1_details')">BeforeClass()</a>
               </td>
               <td nowrap="true">17:49:16</td>
               <td nowrap="true" align="right">0 ms
                  
               </td>
               <td nowrap="true">
                  <a onclick="toggleDetailsVisibility('com.selenium.testCase.CardTeacherTest_BeforeClass_byStatus_failed_FAIL1_exception')">java.lang.NullPointerException: </a>
                   
                  
               </td>
            </tr>
            <tr>
               <td colspan="4"
                   style="padding: 0; background-color: white; border-style: none; height: 0px;">
                  <div id="com.selenium.testCase.CardTeacherTest_BeforeClass_byStatus_failed_FAIL1_details"
                       class="testMethodDetails">
                     <div>
                        <b>Name:
                           
                        </b>BeforeClass
                     </div>
                     <div>
                        <b>Signature:
                           
                        </b>BeforeClass()[pri:0, instance:com.selenium.testCase.CardTeacherTest@365c30cc]
                     </div>
                     <div>
                        <b>Start time:
                           
                        </b>17:49:16
                     </div>
                     <div>
                        <b>End time:
                           
                        </b>17:49:16
                     </div>
                     <div>
                        <b>Duration:
                           
                        </b>0 ms
                        
                     </div>
                  </div>
               </td>
            </tr>
            <tr>
               <td colspan="4"
                   style="padding: 0; background-color: white; border-style: none; height: 0px;">
                  <div id="com.selenium.testCase.CardTeacherTest_BeforeClass_byStatus_failed_FAIL1_exception"
                       class="testMethodDetails">
                     <pre style="padding: 5px; margin: 0;">java.lang.NullPointerException
                        	at com.selenium.base.DriverBase.getUrl(DriverBase.java:25)
                        	at com.selenium.testCase.CardTeacherTest.BeforeClass(CardTeacherTest.java:29)
                        	at sun.reflect.NativeMethodAccessorImpl.invoke0(Native Method)
                        	at sun.reflect.NativeMethodAccessorImpl.invoke(NativeMethodAccessorImpl.java:62)
                        	at sun.reflect.DelegatingMethodAccessorImpl.invoke(DelegatingMethodAccessorImpl.java:43)
                        	at java.lang.reflect.Method.invoke(Method.java:498)
                        	at org.testng.internal.MethodInvocationHelper.invokeMethod(MethodInvocationHelper.java:104)
                        	at org.testng.internal.Invoker.invokeConfigurationMethod(Invoker.java:515)
                        	at org.testng.internal.Invoker.invokeConfigurations(Invoker.java:217)
                        	at org.testng.internal.Invoker.invokeConfigurations(Invoker.java:144)
                        	at org.testng.internal.TestMethodWorker.invokeBeforeClassMethods(TestMethodWorker.java:169)
                        	at org.testng.internal.TestMethodWorker.run(TestMethodWorker.java:108)
                        	at org.testng.TestRunner.privateRun(TestRunner.java:756)
                        	at org.testng.TestRunner.run(TestRunner.java:610)
                        	at org.testng.SuiteRunner.runTest(SuiteRunner.java:387)
                        	at org.testng.SuiteRunner.runSequentially(SuiteRunner.java:382)
                        	at org.testng.SuiteRunner.privateRun(SuiteRunner.java:340)
                        	at org.testng.SuiteRunner.run(SuiteRunner.java:289)
                        	at org.testng.SuiteRunnerWorker.runSuite(SuiteRunnerWorker.java:52)
                        	at org.testng.SuiteRunnerWorker.run(SuiteRunnerWorker.java:86)
                        	at org.testng.TestNG.runSuitesSequentially(TestNG.java:1293)
                        	at org.testng.TestNG.runSuitesLocally(TestNG.java:1218)
                        	at org.testng.TestNG.runSuites(TestNG.java:1133)
                        	at org.testng.TestNG.run(TestNG.java:1104)
                        	at org.apache.maven.surefire.testng.TestNGExecutor.run(TestNGExecutor.java:283)
                        	at org.apache.maven.surefire.testng.TestNGXmlTestSuite.execute(TestNGXmlTestSuite.java:75)
                        	at org.apache.maven.surefire.testng.TestNGProvider.invoke(TestNGProvider.java:120)
                        	at org.apache.maven.surefire.booter.ForkedBooter.invokeProviderInSameClassLoader(ForkedBooter.java:383)
                        	at org.apache.maven.surefire.booter.ForkedBooter.runSuitesInProcess(ForkedBooter.java:344)
                        	at org.apache.maven.surefire.booter.ForkedBooter.execute(ForkedBooter.java:125)
                        	at org.apache.maven.surefire.booter.ForkedBooter.main(ForkedBooter.java:417)
                     </pre>
                  </div>
               </td>
            </tr>
            <tr id="com.selenium.testCase.CardTeacherTest_addCard_byStatus_skiped_SKIP1_row"
                class="testMethodStatusSKIP">
               <td width="100%" class="firstMethodCell">
                  <a onclick="toggleDetailsVisibility('com.selenium.testCase.CardTeacherTest_addCard_byStatus_skiped_SKIP1_details')">addCard(1
                     
                     ,
                     
                     2544845623)
                  </a>
               </td>
               <td nowrap="true">17:49:16</td>
               <td nowrap="true" align="right">0 ms
                  
               </td>
               <td nowrap="true">
                  <a onclick="toggleDetailsVisibility('com.selenium.testCase.CardTeacherTest_addCard_byStatus_skiped_SKIP1_exception')">java.lang.NullPointerException: </a>
                   
                  
               </td>
            </tr>
            <tr>
               <td colspan="4"
                   style="padding: 0; background-color: white; border-style: none; height: 0px;">
                  <div id="com.selenium.testCase.CardTeacherTest_addCard_byStatus_skiped_SKIP1_details"
                       class="testMethodDetails">
                     <div>
                        <b>Name:
                           
                        </b>addCard
                     </div>
                     <div>
                        <b>Signature:
                           
                        </b>addCard(java.lang.String, java.lang.String)[pri:0, instance:com.selenium.testCase.CardTeacherTest@365c30cc]
                     </div>
                     <div>
                        <b>Parameters:
                           
                        </b>
                        
                        1
                        
                        ,
                        
                        2544845623
                        
                        
                     </div>
                     <div>
                        <b>Start time:
                           
                        </b>17:49:16
                     </div>
                     <div>
                        <b>End time:
                           
                        </b>17:49:16
                     </div>
                     <div>
                        <b>Duration:
                           
                        </b>0 ms
                        
                     </div>
                  </div>
               </td>
            </tr>
            <tr>
               <td colspan="4"
                   style="padding: 0; background-color: white; border-style: none; height: 0px;">
                  <div id="com.selenium.testCase.CardTeacherTest_addCard_byStatus_skiped_SKIP1_exception"
                       class="testMethodDetails">
                     <pre style="padding: 5px; margin: 0;">java.lang.NullPointerException
                        	at com.selenium.base.DriverBase.getUrl(DriverBase.java:25)
                        	at com.selenium.testCase.CardTeacherTest.BeforeClass(CardTeacherTest.java:29)
                        	at sun.reflect.NativeMethodAccessorImpl.invoke0(Native Method)
                        	at sun.reflect.NativeMethodAccessorImpl.invoke(NativeMethodAccessorImpl.java:62)
                        	at sun.reflect.DelegatingMethodAccessorImpl.invoke(DelegatingMethodAccessorImpl.java:43)
                        	at java.lang.reflect.Method.invoke(Method.java:498)
                        	at org.testng.internal.MethodInvocationHelper.invokeMethod(MethodInvocationHelper.java:104)
                        	at org.testng.internal.Invoker.invokeConfigurationMethod(Invoker.java:515)
                        	at org.testng.internal.Invoker.invokeConfigurations(Invoker.java:217)
                        	at org.testng.internal.Invoker.invokeConfigurations(Invoker.java:144)
                        	at org.testng.internal.TestMethodWorker.invokeBeforeClassMethods(TestMethodWorker.java:169)
                        	at org.testng.internal.TestMethodWorker.run(TestMethodWorker.java:108)
                        	at org.testng.TestRunner.privateRun(TestRunner.java:756)
                        	at org.testng.TestRunner.run(TestRunner.java:610)
                        	at org.testng.SuiteRunner.runTest(SuiteRunner.java:387)
                        	at org.testng.SuiteRunner.runSequentially(SuiteRunner.java:382)
                        	at org.testng.SuiteRunner.privateRun(SuiteRunner.java:340)
                        	at org.testng.SuiteRunner.run(SuiteRunner.java:289)
                        	at org.testng.SuiteRunnerWorker.runSuite(SuiteRunnerWorker.java:52)
                        	at org.testng.SuiteRunnerWorker.run(SuiteRunnerWorker.java:86)
                        	at org.testng.TestNG.runSuitesSequentially(TestNG.java:1293)
                        	at org.testng.TestNG.runSuitesLocally(TestNG.java:1218)
                        	at org.testng.TestNG.runSuites(TestNG.java:1133)
                        	at org.testng.TestNG.run(TestNG.java:1104)
                        	at org.apache.maven.surefire.testng.TestNGExecutor.run(TestNGExecutor.java:283)
                        	at org.apache.maven.surefire.testng.TestNGXmlTestSuite.execute(TestNGXmlTestSuite.java:75)
                        	at org.apache.maven.surefire.testng.TestNGProvider.invoke(TestNGProvider.java:120)
                        	at org.apache.maven.surefire.booter.ForkedBooter.invokeProviderInSameClassLoader(ForkedBooter.java:383)
                        	at org.apache.maven.surefire.booter.ForkedBooter.runSuitesInProcess(ForkedBooter.java:344)
                        	at org.apache.maven.surefire.booter.ForkedBooter.execute(ForkedBooter.java:125)
                        	at org.apache.maven.surefire.booter.ForkedBooter.main(ForkedBooter.java:417)
                     </pre>
                  </div>
               </td>
            </tr>
            <tr id="com.selenium.testCase.CardTeacherTest_addCard_byStatus_skiped_SKIP2_row"
                class="testMethodStatusSKIP">
               <td width="100%" class="firstMethodCell">
                  <a onclick="toggleDetailsVisibility('com.selenium.testCase.CardTeacherTest_addCard_byStatus_skiped_SKIP2_details')">addCard(3
                     
                     ,
                     
                     2544845625)
                  </a>
               </td>
               <td nowrap="true">17:49:16</td>
               <td nowrap="true" align="right">0 ms
                  
               </td>
               <td nowrap="true">
                  <a onclick="toggleDetailsVisibility('com.selenium.testCase.CardTeacherTest_addCard_byStatus_skiped_SKIP2_exception')">java.lang.NullPointerException: </a>
                   
                  
               </td>
            </tr>
            <tr>
               <td colspan="4"
                   style="padding: 0; background-color: white; border-style: none; height: 0px;">
                  <div id="com.selenium.testCase.CardTeacherTest_addCard_byStatus_skiped_SKIP2_details"
                       class="testMethodDetails">
                     <div>
                        <b>Name:
                           
                        </b>addCard
                     </div>
                     <div>
                        <b>Signature:
                           
                        </b>addCard(java.lang.String, java.lang.String)[pri:0, instance:com.selenium.testCase.CardTeacherTest@365c30cc]
                     </div>
                     <div>
                        <b>Parameters:
                           
                        </b>
                        
                        3
                        
                        ,
                        
                        2544845625
                        
                        
                     </div>
                     <div>
                        <b>Start time:
                           
                        </b>17:49:16
                     </div>
                     <div>
                        <b>End time:
                           
                        </b>17:49:16
                     </div>
                     <div>
                        <b>Duration:
                           
                        </b>0 ms
                        
                     </div>
                  </div>
               </td>
            </tr>
            <tr>
               <td colspan="4"
                   style="padding: 0; background-color: white; border-style: none; height: 0px;">
                  <div id="com.selenium.testCase.CardTeacherTest_addCard_byStatus_skiped_SKIP2_exception"
                       class="testMethodDetails">
                     <pre style="padding: 5px; margin: 0;">java.lang.NullPointerException
                        	at com.selenium.base.DriverBase.getUrl(DriverBase.java:25)
                        	at com.selenium.testCase.CardTeacherTest.BeforeClass(CardTeacherTest.java:29)
                        	at sun.reflect.NativeMethodAccessorImpl.invoke0(Native Method)
                        	at sun.reflect.NativeMethodAccessorImpl.invoke(NativeMethodAccessorImpl.java:62)
                        	at sun.reflect.DelegatingMethodAccessorImpl.invoke(DelegatingMethodAccessorImpl.java:43)
                        	at java.lang.reflect.Method.invoke(Method.java:498)
                        	at org.testng.internal.MethodInvocationHelper.invokeMethod(MethodInvocationHelper.java:104)
                        	at org.testng.internal.Invoker.invokeConfigurationMethod(Invoker.java:515)
                        	at org.testng.internal.Invoker.invokeConfigurations(Invoker.java:217)
                        	at org.testng.internal.Invoker.invokeConfigurations(Invoker.java:144)
                        	at org.testng.internal.TestMethodWorker.invokeBeforeClassMethods(TestMethodWorker.java:169)
                        	at org.testng.internal.TestMethodWorker.run(TestMethodWorker.java:108)
                        	at org.testng.TestRunner.privateRun(TestRunner.java:756)
                        	at org.testng.TestRunner.run(TestRunner.java:610)
                        	at org.testng.SuiteRunner.runTest(SuiteRunner.java:387)
                        	at org.testng.SuiteRunner.runSequentially(SuiteRunner.java:382)
                        	at org.testng.SuiteRunner.privateRun(SuiteRunner.java:340)
                        	at org.testng.SuiteRunner.run(SuiteRunner.java:289)
                        	at org.testng.SuiteRunnerWorker.runSuite(SuiteRunnerWorker.java:52)
                        	at org.testng.SuiteRunnerWorker.run(SuiteRunnerWorker.java:86)
                        	at org.testng.TestNG.runSuitesSequentially(TestNG.java:1293)
                        	at org.testng.TestNG.runSuitesLocally(TestNG.java:1218)
                        	at org.testng.TestNG.runSuites(TestNG.java:1133)
                        	at org.testng.TestNG.run(TestNG.java:1104)
                        	at org.apache.maven.surefire.testng.TestNGExecutor.run(TestNGExecutor.java:283)
                        	at org.apache.maven.surefire.testng.TestNGXmlTestSuite.execute(TestNGXmlTestSuite.java:75)
                        	at org.apache.maven.surefire.testng.TestNGProvider.invoke(TestNGProvider.java:120)
                        	at org.apache.maven.surefire.booter.ForkedBooter.invokeProviderInSameClassLoader(ForkedBooter.java:383)
                        	at org.apache.maven.surefire.booter.ForkedBooter.runSuitesInProcess(ForkedBooter.java:344)
                        	at org.apache.maven.surefire.booter.ForkedBooter.execute(ForkedBooter.java:125)
                        	at org.apache.maven.surefire.booter.ForkedBooter.main(ForkedBooter.java:417)
                     </pre>
                  </div>
               </td>
            </tr>
            <tr id="com.selenium.testCase.CardTeacherTest_addCard_byStatus_skiped_SKIP3_row"
                class="testMethodStatusSKIP">
               <td width="100%" class="firstMethodCell">
                  <a onclick="toggleDetailsVisibility('com.selenium.testCase.CardTeacherTest_addCard_byStatus_skiped_SKIP3_details')">addCard(5
                     
                     ,
                     
                     2544845627)
                  </a>
               </td>
               <td nowrap="true">17:49:16</td>
               <td nowrap="true" align="right">1 ms
                  
               </td>
               <td nowrap="true">
                  <a onclick="toggleDetailsVisibility('com.selenium.testCase.CardTeacherTest_addCard_byStatus_skiped_SKIP3_exception')">java.lang.NullPointerException: </a>
                   
                  
               </td>
            </tr>
            <tr>
               <td colspan="4"
                   style="padding: 0; background-color: white; border-style: none; height: 0px;">
                  <div id="com.selenium.testCase.CardTeacherTest_addCard_byStatus_skiped_SKIP3_details"
                       class="testMethodDetails">
                     <div>
                        <b>Name:
                           
                        </b>addCard
                     </div>
                     <div>
                        <b>Signature:
                           
                        </b>addCard(java.lang.String, java.lang.String)[pri:0, instance:com.selenium.testCase.CardTeacherTest@365c30cc]
                     </div>
                     <div>
                        <b>Parameters:
                           
                        </b>
                        
                        5
                        
                        ,
                        
                        2544845627
                        
                        
                     </div>
                     <div>
                        <b>Start time:
                           
                        </b>17:49:16
                     </div>
                     <div>
                        <b>End time:
                           
                        </b>17:49:16
                     </div>
                     <div>
                        <b>Duration:
                           
                        </b>1 ms
                        
                     </div>
                  </div>
               </td>
            </tr>
            <tr>
               <td colspan="4"
                   style="padding: 0; background-color: white; border-style: none; height: 0px;">
                  <div id="com.selenium.testCase.CardTeacherTest_addCard_byStatus_skiped_SKIP3_exception"
                       class="testMethodDetails">
                     <pre style="padding: 5px; margin: 0;">java.lang.NullPointerException
                        	at com.selenium.base.DriverBase.getUrl(DriverBase.java:25)
                        	at com.selenium.testCase.CardTeacherTest.BeforeClass(CardTeacherTest.java:29)
                        	at sun.reflect.NativeMethodAccessorImpl.invoke0(Native Method)
                        	at sun.reflect.NativeMethodAccessorImpl.invoke(NativeMethodAccessorImpl.java:62)
                        	at sun.reflect.DelegatingMethodAccessorImpl.invoke(DelegatingMethodAccessorImpl.java:43)
                        	at java.lang.reflect.Method.invoke(Method.java:498)
                        	at org.testng.internal.MethodInvocationHelper.invokeMethod(MethodInvocationHelper.java:104)
                        	at org.testng.internal.Invoker.invokeConfigurationMethod(Invoker.java:515)
                        	at org.testng.internal.Invoker.invokeConfigurations(Invoker.java:217)
                        	at org.testng.internal.Invoker.invokeConfigurations(Invoker.java:144)
                        	at org.testng.internal.TestMethodWorker.invokeBeforeClassMethods(TestMethodWorker.java:169)
                        	at org.testng.internal.TestMethodWorker.run(TestMethodWorker.java:108)
                        	at org.testng.TestRunner.privateRun(TestRunner.java:756)
                        	at org.testng.TestRunner.run(TestRunner.java:610)
                        	at org.testng.SuiteRunner.runTest(SuiteRunner.java:387)
                        	at org.testng.SuiteRunner.runSequentially(SuiteRunner.java:382)
                        	at org.testng.SuiteRunner.privateRun(SuiteRunner.java:340)
                        	at org.testng.SuiteRunner.run(SuiteRunner.java:289)
                        	at org.testng.SuiteRunnerWorker.runSuite(SuiteRunnerWorker.java:52)
                        	at org.testng.SuiteRunnerWorker.run(SuiteRunnerWorker.java:86)
                        	at org.testng.TestNG.runSuitesSequentially(TestNG.java:1293)
                        	at org.testng.TestNG.runSuitesLocally(TestNG.java:1218)
                        	at org.testng.TestNG.runSuites(TestNG.java:1133)
                        	at org.testng.TestNG.run(TestNG.java:1104)
                        	at org.apache.maven.surefire.testng.TestNGExecutor.run(TestNGExecutor.java:283)
                        	at org.apache.maven.surefire.testng.TestNGXmlTestSuite.execute(TestNGXmlTestSuite.java:75)
                        	at org.apache.maven.surefire.testng.TestNGProvider.invoke(TestNGProvider.java:120)
                        	at org.apache.maven.surefire.booter.ForkedBooter.invokeProviderInSameClassLoader(ForkedBooter.java:383)
                        	at org.apache.maven.surefire.booter.ForkedBooter.runSuitesInProcess(ForkedBooter.java:344)
                        	at org.apache.maven.surefire.booter.ForkedBooter.execute(ForkedBooter.java:125)
                        	at org.apache.maven.surefire.booter.ForkedBooter.main(ForkedBooter.java:417)
                     </pre>
                  </div>
               </td>
            </tr>
            <tr id="com.selenium.testCase.CardTeacherTest_addCard_byStatus_skiped_SKIP4_row"
                class="testMethodStatusSKIP">
               <td width="100%" class="firstMethodCell">
                  <a onclick="toggleDetailsVisibility('com.selenium.testCase.CardTeacherTest_addCard_byStatus_skiped_SKIP4_details')">addCard(2
                     
                     ,
                     
                     2544845624)
                  </a>
               </td>
               <td nowrap="true">17:49:16</td>
               <td nowrap="true" align="right">0 ms
                  
               </td>
               <td nowrap="true">
                  <a onclick="toggleDetailsVisibility('com.selenium.testCase.CardTeacherTest_addCard_byStatus_skiped_SKIP4_exception')">java.lang.NullPointerException: </a>
                   
                  
               </td>
            </tr>
            <tr>
               <td colspan="4"
                   style="padding: 0; background-color: white; border-style: none; height: 0px;">
                  <div id="com.selenium.testCase.CardTeacherTest_addCard_byStatus_skiped_SKIP4_details"
                       class="testMethodDetails">
                     <div>
                        <b>Name:
                           
                        </b>addCard
                     </div>
                     <div>
                        <b>Signature:
                           
                        </b>addCard(java.lang.String, java.lang.String)[pri:0, instance:com.selenium.testCase.CardTeacherTest@365c30cc]
                     </div>
                     <div>
                        <b>Parameters:
                           
                        </b>
                        
                        2
                        
                        ,
                        
                        2544845624
                        
                        
                     </div>
                     <div>
                        <b>Start time:
                           
                        </b>17:49:16
                     </div>
                     <div>
                        <b>End time:
                           
                        </b>17:49:16
                     </div>
                     <div>
                        <b>Duration:
                           
                        </b>0 ms
                        
                     </div>
                  </div>
               </td>
            </tr>
            <tr>
               <td colspan="4"
                   style="padding: 0; background-color: white; border-style: none; height: 0px;">
                  <div id="com.selenium.testCase.CardTeacherTest_addCard_byStatus_skiped_SKIP4_exception"
                       class="testMethodDetails">
                     <pre style="padding: 5px; margin: 0;">java.lang.NullPointerException
                        	at com.selenium.base.DriverBase.getUrl(DriverBase.java:25)
                        	at com.selenium.testCase.CardTeacherTest.BeforeClass(CardTeacherTest.java:29)
                        	at sun.reflect.NativeMethodAccessorImpl.invoke0(Native Method)
                        	at sun.reflect.NativeMethodAccessorImpl.invoke(NativeMethodAccessorImpl.java:62)
                        	at sun.reflect.DelegatingMethodAccessorImpl.invoke(DelegatingMethodAccessorImpl.java:43)
                        	at java.lang.reflect.Method.invoke(Method.java:498)
                        	at org.testng.internal.MethodInvocationHelper.invokeMethod(MethodInvocationHelper.java:104)
                        	at org.testng.internal.Invoker.invokeConfigurationMethod(Invoker.java:515)
                        	at org.testng.internal.Invoker.invokeConfigurations(Invoker.java:217)
                        	at org.testng.internal.Invoker.invokeConfigurations(Invoker.java:144)
                        	at org.testng.internal.TestMethodWorker.invokeBeforeClassMethods(TestMethodWorker.java:169)
                        	at org.testng.internal.TestMethodWorker.run(TestMethodWorker.java:108)
                        	at org.testng.TestRunner.privateRun(TestRunner.java:756)
                        	at org.testng.TestRunner.run(TestRunner.java:610)
                        	at org.testng.SuiteRunner.runTest(SuiteRunner.java:387)
                        	at org.testng.SuiteRunner.runSequentially(SuiteRunner.java:382)
                        	at org.testng.SuiteRunner.privateRun(SuiteRunner.java:340)
                        	at org.testng.SuiteRunner.run(SuiteRunner.java:289)
                        	at org.testng.SuiteRunnerWorker.runSuite(SuiteRunnerWorker.java:52)
                        	at org.testng.SuiteRunnerWorker.run(SuiteRunnerWorker.java:86)
                        	at org.testng.TestNG.runSuitesSequentially(TestNG.java:1293)
                        	at org.testng.TestNG.runSuitesLocally(TestNG.java:1218)
                        	at org.testng.TestNG.runSuites(TestNG.java:1133)
                        	at org.testng.TestNG.run(TestNG.java:1104)
                        	at org.apache.maven.surefire.testng.TestNGExecutor.run(TestNGExecutor.java:283)
                        	at org.apache.maven.surefire.testng.TestNGXmlTestSuite.execute(TestNGXmlTestSuite.java:75)
                        	at org.apache.maven.surefire.testng.TestNGProvider.invoke(TestNGProvider.java:120)
                        	at org.apache.maven.surefire.booter.ForkedBooter.invokeProviderInSameClassLoader(ForkedBooter.java:383)
                        	at org.apache.maven.surefire.booter.ForkedBooter.runSuitesInProcess(ForkedBooter.java:344)
                        	at org.apache.maven.surefire.booter.ForkedBooter.execute(ForkedBooter.java:125)
                        	at org.apache.maven.surefire.booter.ForkedBooter.main(ForkedBooter.java:417)
                     </pre>
                  </div>
               </td>
            </tr>
            <tr id="com.selenium.testCase.CardTeacherTest_addCard_byStatus_skiped_SKIP5_row"
                class="testMethodStatusSKIP">
               <td width="100%" class="firstMethodCell">
                  <a onclick="toggleDetailsVisibility('com.selenium.testCase.CardTeacherTest_addCard_byStatus_skiped_SKIP5_details')">addCard(4
                     
                     ,
                     
                     2544845626)
                  </a>
               </td>
               <td nowrap="true">17:49:16</td>
               <td nowrap="true" align="right">0 ms
                  
               </td>
               <td nowrap="true">
                  <a onclick="toggleDetailsVisibility('com.selenium.testCase.CardTeacherTest_addCard_byStatus_skiped_SKIP5_exception')">java.lang.NullPointerException: </a>
                   
                  
               </td>
            </tr>
            <tr>
               <td colspan="4"
                   style="padding: 0; background-color: white; border-style: none; height: 0px;">
                  <div id="com.selenium.testCase.CardTeacherTest_addCard_byStatus_skiped_SKIP5_details"
                       class="testMethodDetails">
                     <div>
                        <b>Name:
                           
                        </b>addCard
                     </div>
                     <div>
                        <b>Signature:
                           
                        </b>addCard(java.lang.String, java.lang.String)[pri:0, instance:com.selenium.testCase.CardTeacherTest@365c30cc]
                     </div>
                     <div>
                        <b>Parameters:
                           
                        </b>
                        
                        4
                        
                        ,
                        
                        2544845626
                        
                        
                     </div>
                     <div>
                        <b>Start time:
                           
                        </b>17:49:16
                     </div>
                     <div>
                        <b>End time:
                           
                        </b>17:49:16
                     </div>
                     <div>
                        <b>Duration:
                           
                        </b>0 ms
                        
                     </div>
                  </div>
               </td>
            </tr>
            <tr>
               <td colspan="4"
                   style="padding: 0; background-color: white; border-style: none; height: 0px;">
                  <div id="com.selenium.testCase.CardTeacherTest_addCard_byStatus_skiped_SKIP5_exception"
                       class="testMethodDetails">
                     <pre style="padding: 5px; margin: 0;">java.lang.NullPointerException
                        	at com.selenium.base.DriverBase.getUrl(DriverBase.java:25)
                        	at com.selenium.testCase.CardTeacherTest.BeforeClass(CardTeacherTest.java:29)
                        	at sun.reflect.NativeMethodAccessorImpl.invoke0(Native Method)
                        	at sun.reflect.NativeMethodAccessorImpl.invoke(NativeMethodAccessorImpl.java:62)
                        	at sun.reflect.DelegatingMethodAccessorImpl.invoke(DelegatingMethodAccessorImpl.java:43)
                        	at java.lang.reflect.Method.invoke(Method.java:498)
                        	at org.testng.internal.MethodInvocationHelper.invokeMethod(MethodInvocationHelper.java:104)
                        	at org.testng.internal.Invoker.invokeConfigurationMethod(Invoker.java:515)
                        	at org.testng.internal.Invoker.invokeConfigurations(Invoker.java:217)
                        	at org.testng.internal.Invoker.invokeConfigurations(Invoker.java:144)
                        	at org.testng.internal.TestMethodWorker.invokeBeforeClassMethods(TestMethodWorker.java:169)
                        	at org.testng.internal.TestMethodWorker.run(TestMethodWorker.java:108)
                        	at org.testng.TestRunner.privateRun(TestRunner.java:756)
                        	at org.testng.TestRunner.run(TestRunner.java:610)
                        	at org.testng.SuiteRunner.runTest(SuiteRunner.java:387)
                        	at org.testng.SuiteRunner.runSequentially(SuiteRunner.java:382)
                        	at org.testng.SuiteRunner.privateRun(SuiteRunner.java:340)
                        	at org.testng.SuiteRunner.run(SuiteRunner.java:289)
                        	at org.testng.SuiteRunnerWorker.runSuite(SuiteRunnerWorker.java:52)
                        	at org.testng.SuiteRunnerWorker.run(SuiteRunnerWorker.java:86)
                        	at org.testng.TestNG.runSuitesSequentially(TestNG.java:1293)
                        	at org.testng.TestNG.runSuitesLocally(TestNG.java:1218)
                        	at org.testng.TestNG.runSuites(TestNG.java:1133)
                        	at org.testng.TestNG.run(TestNG.java:1104)
                        	at org.apache.maven.surefire.testng.TestNGExecutor.run(TestNGExecutor.java:283)
                        	at org.apache.maven.surefire.testng.TestNGXmlTestSuite.execute(TestNGXmlTestSuite.java:75)
                        	at org.apache.maven.surefire.testng.TestNGProvider.invoke(TestNGProvider.java:120)
                        	at org.apache.maven.surefire.booter.ForkedBooter.invokeProviderInSameClassLoader(ForkedBooter.java:383)
                        	at org.apache.maven.surefire.booter.ForkedBooter.runSuitesInProcess(ForkedBooter.java:344)
                        	at org.apache.maven.surefire.booter.ForkedBooter.execute(ForkedBooter.java:125)
                        	at org.apache.maven.surefire.booter.ForkedBooter.main(ForkedBooter.java:417)
                     </pre>
                  </div>
               </td>
            </tr>
            <tr id="com.selenium.testCase.CardTeacherTest_addCard_byStatus_skiped_SKIP6_row"
                class="testMethodStatusSKIP">
               <td width="100%" class="firstMethodCell">
                  <a onclick="toggleDetailsVisibility('com.selenium.testCase.CardTeacherTest_addCard_byStatus_skiped_SKIP6_details')">addCard(6
                     
                     ,
                     
                     2544845628)
                  </a>
               </td>
               <td nowrap="true">17:49:16</td>
               <td nowrap="true" align="right">0 ms
                  
               </td>
               <td nowrap="true">
                  <a onclick="toggleDetailsVisibility('com.selenium.testCase.CardTeacherTest_addCard_byStatus_skiped_SKIP6_exception')">java.lang.NullPointerException: </a>
                   
                  
               </td>
            </tr>
            <tr>
               <td colspan="4"
                   style="padding: 0; background-color: white; border-style: none; height: 0px;">
                  <div id="com.selenium.testCase.CardTeacherTest_addCard_byStatus_skiped_SKIP6_details"
                       class="testMethodDetails">
                     <div>
                        <b>Name:
                           
                        </b>addCard
                     </div>
                     <div>
                        <b>Signature:
                           
                        </b>addCard(java.lang.String, java.lang.String)[pri:0, instance:com.selenium.testCase.CardTeacherTest@365c30cc]
                     </div>
                     <div>
                        <b>Parameters:
                           
                        </b>
                        
                        6
                        
                        ,
                        
                        2544845628
                        
                        
                     </div>
                     <div>
                        <b>Start time:
                           
                        </b>17:49:16
                     </div>
                     <div>
                        <b>End time:
                           
                        </b>17:49:16
                     </div>
                     <div>
                        <b>Duration:
                           
                        </b>0 ms
                        
                     </div>
                  </div>
               </td>
            </tr>
            <tr>
               <td colspan="4"
                   style="padding: 0; background-color: white; border-style: none; height: 0px;">
                  <div id="com.selenium.testCase.CardTeacherTest_addCard_byStatus_skiped_SKIP6_exception"
                       class="testMethodDetails">
                     <pre style="padding: 5px; margin: 0;">java.lang.NullPointerException
                        	at com.selenium.base.DriverBase.getUrl(DriverBase.java:25)
                        	at com.selenium.testCase.CardTeacherTest.BeforeClass(CardTeacherTest.java:29)
                        	at sun.reflect.NativeMethodAccessorImpl.invoke0(Native Method)
                        	at sun.reflect.NativeMethodAccessorImpl.invoke(NativeMethodAccessorImpl.java:62)
                        	at sun.reflect.DelegatingMethodAccessorImpl.invoke(DelegatingMethodAccessorImpl.java:43)
                        	at java.lang.reflect.Method.invoke(Method.java:498)
                        	at org.testng.internal.MethodInvocationHelper.invokeMethod(MethodInvocationHelper.java:104)
                        	at org.testng.internal.Invoker.invokeConfigurationMethod(Invoker.java:515)
                        	at org.testng.internal.Invoker.invokeConfigurations(Invoker.java:217)
                        	at org.testng.internal.Invoker.invokeConfigurations(Invoker.java:144)
                        	at org.testng.internal.TestMethodWorker.invokeBeforeClassMethods(TestMethodWorker.java:169)
                        	at org.testng.internal.TestMethodWorker.run(TestMethodWorker.java:108)
                        	at org.testng.TestRunner.privateRun(TestRunner.java:756)
                        	at org.testng.TestRunner.run(TestRunner.java:610)
                        	at org.testng.SuiteRunner.runTest(SuiteRunner.java:387)
                        	at org.testng.SuiteRunner.runSequentially(SuiteRunner.java:382)
                        	at org.testng.SuiteRunner.privateRun(SuiteRunner.java:340)
                        	at org.testng.SuiteRunner.run(SuiteRunner.java:289)
                        	at org.testng.SuiteRunnerWorker.runSuite(SuiteRunnerWorker.java:52)
                        	at org.testng.SuiteRunnerWorker.run(SuiteRunnerWorker.java:86)
                        	at org.testng.TestNG.runSuitesSequentially(TestNG.java:1293)
                        	at org.testng.TestNG.runSuitesLocally(TestNG.java:1218)
                        	at org.testng.TestNG.runSuites(TestNG.java:1133)
                        	at org.testng.TestNG.run(TestNG.java:1104)
                        	at org.apache.maven.surefire.testng.TestNGExecutor.run(TestNGExecutor.java:283)
                        	at org.apache.maven.surefire.testng.TestNGXmlTestSuite.execute(TestNGXmlTestSuite.java:75)
                        	at org.apache.maven.surefire.testng.TestNGProvider.invoke(TestNGProvider.java:120)
                        	at org.apache.maven.surefire.booter.ForkedBooter.invokeProviderInSameClassLoader(ForkedBooter.java:383)
                        	at org.apache.maven.surefire.booter.ForkedBooter.runSuitesInProcess(ForkedBooter.java:344)
                        	at org.apache.maven.surefire.booter.ForkedBooter.execute(ForkedBooter.java:125)
                        	at org.apache.maven.surefire.booter.ForkedBooter.main(ForkedBooter.java:417)
                     </pre>
                  </div>
               </td>
            </tr>
            <tr id="com.selenium.testCase.CardTeacherTest_addCard_byStatus_skiped_SKIP7_row"
                class="testMethodStatusSKIP">
               <td width="100%" class="firstMethodCell">
                  <a onclick="toggleDetailsVisibility('com.selenium.testCase.CardTeacherTest_addCard_byStatus_skiped_SKIP7_details')">addCard(7
                     
                     ,
                     
                     2544845629)
                  </a>
               </td>
               <td nowrap="true">17:49:16</td>
               <td nowrap="true" align="right">0 ms
                  
               </td>
               <td nowrap="true">
                  <a onclick="toggleDetailsVisibility('com.selenium.testCase.CardTeacherTest_addCard_byStatus_skiped_SKIP7_exception')">java.lang.NullPointerException: </a>
                   
                  
               </td>
            </tr>
            <tr>
               <td colspan="4"
                   style="padding: 0; background-color: white; border-style: none; height: 0px;">
                  <div id="com.selenium.testCase.CardTeacherTest_addCard_byStatus_skiped_SKIP7_details"
                       class="testMethodDetails">
                     <div>
                        <b>Name:
                           
                        </b>addCard
                     </div>
                     <div>
                        <b>Signature:
                           
                        </b>addCard(java.lang.String, java.lang.String)[pri:0, instance:com.selenium.testCase.CardTeacherTest@365c30cc]
                     </div>
                     <div>
                        <b>Parameters:
                           
                        </b>
                        
                        7
                        
                        ,
                        
                        2544845629
                        
                        
                     </div>
                     <div>
                        <b>Start time:
                           
                        </b>17:49:16
                     </div>
                     <div>
                        <b>End time:
                           
                        </b>17:49:16
                     </div>
                     <div>
                        <b>Duration:
                           
                        </b>0 ms
                        
                     </div>
                  </div>
               </td>
            </tr>
            <tr>
               <td colspan="4"
                   style="padding: 0; background-color: white; border-style: none; height: 0px;">
                  <div id="com.selenium.testCase.CardTeacherTest_addCard_byStatus_skiped_SKIP7_exception"
                       class="testMethodDetails">
                     <pre style="padding: 5px; margin: 0;">java.lang.NullPointerException
                        	at com.selenium.base.DriverBase.getUrl(DriverBase.java:25)
                        	at com.selenium.testCase.CardTeacherTest.BeforeClass(CardTeacherTest.java:29)
                        	at sun.reflect.NativeMethodAccessorImpl.invoke0(Native Method)
                        	at sun.reflect.NativeMethodAccessorImpl.invoke(NativeMethodAccessorImpl.java:62)
                        	at sun.reflect.DelegatingMethodAccessorImpl.invoke(DelegatingMethodAccessorImpl.java:43)
                        	at java.lang.reflect.Method.invoke(Method.java:498)
                        	at org.testng.internal.MethodInvocationHelper.invokeMethod(MethodInvocationHelper.java:104)
                        	at org.testng.internal.Invoker.invokeConfigurationMethod(Invoker.java:515)
                        	at org.testng.internal.Invoker.invokeConfigurations(Invoker.java:217)
                        	at org.testng.internal.Invoker.invokeConfigurations(Invoker.java:144)
                        	at org.testng.internal.TestMethodWorker.invokeBeforeClassMethods(TestMethodWorker.java:169)
                        	at org.testng.internal.TestMethodWorker.run(TestMethodWorker.java:108)
                        	at org.testng.TestRunner.privateRun(TestRunner.java:756)
                        	at org.testng.TestRunner.run(TestRunner.java:610)
                        	at org.testng.SuiteRunner.runTest(SuiteRunner.java:387)
                        	at org.testng.SuiteRunner.runSequentially(SuiteRunner.java:382)
                        	at org.testng.SuiteRunner.privateRun(SuiteRunner.java:340)
                        	at org.testng.SuiteRunner.run(SuiteRunner.java:289)
                        	at org.testng.SuiteRunnerWorker.runSuite(SuiteRunnerWorker.java:52)
                        	at org.testng.SuiteRunnerWorker.run(SuiteRunnerWorker.java:86)
                        	at org.testng.TestNG.runSuitesSequentially(TestNG.java:1293)
                        	at org.testng.TestNG.runSuitesLocally(TestNG.java:1218)
                        	at org.testng.TestNG.runSuites(TestNG.java:1133)
                        	at org.testng.TestNG.run(TestNG.java:1104)
                        	at org.apache.maven.surefire.testng.TestNGExecutor.run(TestNGExecutor.java:283)
                        	at org.apache.maven.surefire.testng.TestNGXmlTestSuite.execute(TestNGXmlTestSuite.java:75)
                        	at org.apache.maven.surefire.testng.TestNGProvider.invoke(TestNGProvider.java:120)
                        	at org.apache.maven.surefire.booter.ForkedBooter.invokeProviderInSameClassLoader(ForkedBooter.java:383)
                        	at org.apache.maven.surefire.booter.ForkedBooter.runSuitesInProcess(ForkedBooter.java:344)
                        	at org.apache.maven.surefire.booter.ForkedBooter.execute(ForkedBooter.java:125)
                        	at org.apache.maven.surefire.booter.ForkedBooter.main(ForkedBooter.java:417)
                     </pre>
                  </div>
               </td>
            </tr>
            <tr id="com.selenium.testCase.CardTeacherTest_AfterClass_byStatus_skiped_SKIP8_row"
                class="testMethodStatusSKIP testMethodStatusCONF">
               <td width="100%" class="firstMethodCell">
                  <a onclick="toggleDetailsVisibility('com.selenium.testCase.CardTeacherTest_AfterClass_byStatus_skiped_SKIP8_details')">AfterClass()</a>
               </td>
               <td nowrap="true">17:49:16</td>
               <td nowrap="true" align="right">0 ms
                  
               </td>
               <td nowrap="true">
                   
                  
               </td>
            </tr>
            <tr>
               <td colspan="4"
                   style="padding: 0; background-color: white; border-style: none; height: 0px;">
                  <div id="com.selenium.testCase.CardTeacherTest_AfterClass_byStatus_skiped_SKIP8_details"
                       class="testMethodDetails">
                     <div>
                        <b>Name:
                           
                        </b>AfterClass
                     </div>
                     <div>
                        <b>Signature:
                           
                        </b>AfterClass()[pri:0, instance:com.selenium.testCase.CardTeacherTest@365c30cc]
                     </div>
                     <div>
                        <b>Start time:
                           
                        </b>17:49:16
                     </div>
                     <div>
                        <b>End time:
                           
                        </b>17:49:16
                     </div>
                     <div>
                        <b>Duration:
                           
                        </b>0 ms
                        
                     </div>
                  </div>
               </td>
            </tr>
            <tr></tr>
         </table>
      </div>
      <div id="testMethodsByClass" style="display: none;">
         <table class="testMethodsTable" cellpadding="0" cellspacing="0">
            <tr>
               <td colspan="4">
                  <h3 style="display: inline;">com.selenium.testCase.CardTeacherTest</h3>
               </td>
            </tr>
            <tr class="methodsTableHeader">
               <td width="100%">Name</td>
               <td nowrap="true">Started</td>
               <td nowrap="true">Duration</td>
               <td>Exception</td>
            </tr>
            <tr id="com.selenium.testCase.CardTeacherTest_BeforeClass_byClass_FAIL1_row"
                class="testMethodStatusFAIL testMethodStatusCONF">
               <td width="100%" class="firstMethodCell">
                  <a onclick="toggleDetailsVisibility('com.selenium.testCase.CardTeacherTest_BeforeClass_byClass_FAIL1_details')">BeforeClass()</a>
               </td>
               <td nowrap="true">17:49:16</td>
               <td nowrap="true" align="right">0 ms
                  
               </td>
               <td nowrap="true">
                  <a onclick="toggleDetailsVisibility('com.selenium.testCase.CardTeacherTest_BeforeClass_byClass_FAIL1_exception')">java.lang.NullPointerException: </a>
                   
                  
               </td>
            </tr>
            <tr>
               <td colspan="4"
                   style="padding: 0; background-color: white; border-style: none; height: 0px;">
                  <div id="com.selenium.testCase.CardTeacherTest_BeforeClass_byClass_FAIL1_details"
                       class="testMethodDetails">
                     <div>
                        <b>Name:
                           
                        </b>BeforeClass
                     </div>
                     <div>
                        <b>Signature:
                           
                        </b>BeforeClass()[pri:0, instance:com.selenium.testCase.CardTeacherTest@365c30cc]
                     </div>
                     <div>
                        <b>Start time:
                           
                        </b>17:49:16
                     </div>
                     <div>
                        <b>End time:
                           
                        </b>17:49:16
                     </div>
                     <div>
                        <b>Duration:
                           
                        </b>0 ms
                        
                     </div>
                  </div>
               </td>
            </tr>
            <tr>
               <td colspan="4"
                   style="padding: 0; background-color: white; border-style: none; height: 0px;">
                  <div id="com.selenium.testCase.CardTeacherTest_BeforeClass_byClass_FAIL1_exception"
                       class="testMethodDetails">
                     <pre style="padding: 5px; margin: 0;">java.lang.NullPointerException
                        	at com.selenium.base.DriverBase.getUrl(DriverBase.java:25)
                        	at com.selenium.testCase.CardTeacherTest.BeforeClass(CardTeacherTest.java:29)
                        	at sun.reflect.NativeMethodAccessorImpl.invoke0(Native Method)
                        	at sun.reflect.NativeMethodAccessorImpl.invoke(NativeMethodAccessorImpl.java:62)
                        	at sun.reflect.DelegatingMethodAccessorImpl.invoke(DelegatingMethodAccessorImpl.java:43)
                        	at java.lang.reflect.Method.invoke(Method.java:498)
                        	at org.testng.internal.MethodInvocationHelper.invokeMethod(MethodInvocationHelper.java:104)
                        	at org.testng.internal.Invoker.invokeConfigurationMethod(Invoker.java:515)
                        	at org.testng.internal.Invoker.invokeConfigurations(Invoker.java:217)
                        	at org.testng.internal.Invoker.invokeConfigurations(Invoker.java:144)
                        	at org.testng.internal.TestMethodWorker.invokeBeforeClassMethods(TestMethodWorker.java:169)
                        	at org.testng.internal.TestMethodWorker.run(TestMethodWorker.java:108)
                        	at org.testng.TestRunner.privateRun(TestRunner.java:756)
                        	at org.testng.TestRunner.run(TestRunner.java:610)
                        	at org.testng.SuiteRunner.runTest(SuiteRunner.java:387)
                        	at org.testng.SuiteRunner.runSequentially(SuiteRunner.java:382)
                        	at org.testng.SuiteRunner.privateRun(SuiteRunner.java:340)
                        	at org.testng.SuiteRunner.run(SuiteRunner.java:289)
                        	at org.testng.SuiteRunnerWorker.runSuite(SuiteRunnerWorker.java:52)
                        	at org.testng.SuiteRunnerWorker.run(SuiteRunnerWorker.java:86)
                        	at org.testng.TestNG.runSuitesSequentially(TestNG.java:1293)
                        	at org.testng.TestNG.runSuitesLocally(TestNG.java:1218)
                        	at org.testng.TestNG.runSuites(TestNG.java:1133)
                        	at org.testng.TestNG.run(TestNG.java:1104)
                        	at org.apache.maven.surefire.testng.TestNGExecutor.run(TestNGExecutor.java:283)
                        	at org.apache.maven.surefire.testng.TestNGXmlTestSuite.execute(TestNGXmlTestSuite.java:75)
                        	at org.apache.maven.surefire.testng.TestNGProvider.invoke(TestNGProvider.java:120)
                        	at org.apache.maven.surefire.booter.ForkedBooter.invokeProviderInSameClassLoader(ForkedBooter.java:383)
                        	at org.apache.maven.surefire.booter.ForkedBooter.runSuitesInProcess(ForkedBooter.java:344)
                        	at org.apache.maven.surefire.booter.ForkedBooter.execute(ForkedBooter.java:125)
                        	at org.apache.maven.surefire.booter.ForkedBooter.main(ForkedBooter.java:417)
                     </pre>
                  </div>
               </td>
            </tr>
            <tr id="com.selenium.testCase.CardTeacherTest_addCard_byClass_SKIP2_row"
                class="testMethodStatusSKIP">
               <td width="100%" class="firstMethodCell">
                  <a onclick="toggleDetailsVisibility('com.selenium.testCase.CardTeacherTest_addCard_byClass_SKIP2_details')">addCard(1
                     
                     ,
                     
                     2544845623)
                  </a>
               </td>
               <td nowrap="true">17:49:16</td>
               <td nowrap="true" align="right">0 ms
                  
               </td>
               <td nowrap="true">
                  <a onclick="toggleDetailsVisibility('com.selenium.testCase.CardTeacherTest_addCard_byClass_SKIP2_exception')">java.lang.NullPointerException: </a>
                   
                  
               </td>
            </tr>
            <tr>
               <td colspan="4"
                   style="padding: 0; background-color: white; border-style: none; height: 0px;">
                  <div id="com.selenium.testCase.CardTeacherTest_addCard_byClass_SKIP2_details"
                       class="testMethodDetails">
                     <div>
                        <b>Name:
                           
                        </b>addCard
                     </div>
                     <div>
                        <b>Signature:
                           
                        </b>addCard(java.lang.String, java.lang.String)[pri:0, instance:com.selenium.testCase.CardTeacherTest@365c30cc]
                     </div>
                     <div>
                        <b>Parameters:
                           
                        </b>
                        
                        1
                        
                        ,
                        
                        2544845623
                        
                        
                     </div>
                     <div>
                        <b>Start time:
                           
                        </b>17:49:16
                     </div>
                     <div>
                        <b>End time:
                           
                        </b>17:49:16
                     </div>
                     <div>
                        <b>Duration:
                           
                        </b>0 ms
                        
                     </div>
                  </div>
               </td>
            </tr>
            <tr>
               <td colspan="4"
                   style="padding: 0; background-color: white; border-style: none; height: 0px;">
                  <div id="com.selenium.testCase.CardTeacherTest_addCard_byClass_SKIP2_exception"
                       class="testMethodDetails">
                     <pre style="padding: 5px; margin: 0;">java.lang.NullPointerException
                        	at com.selenium.base.DriverBase.getUrl(DriverBase.java:25)
                        	at com.selenium.testCase.CardTeacherTest.BeforeClass(CardTeacherTest.java:29)
                        	at sun.reflect.NativeMethodAccessorImpl.invoke0(Native Method)
                        	at sun.reflect.NativeMethodAccessorImpl.invoke(NativeMethodAccessorImpl.java:62)
                        	at sun.reflect.DelegatingMethodAccessorImpl.invoke(DelegatingMethodAccessorImpl.java:43)
                        	at java.lang.reflect.Method.invoke(Method.java:498)
                        	at org.testng.internal.MethodInvocationHelper.invokeMethod(MethodInvocationHelper.java:104)
                        	at org.testng.internal.Invoker.invokeConfigurationMethod(Invoker.java:515)
                        	at org.testng.internal.Invoker.invokeConfigurations(Invoker.java:217)
                        	at org.testng.internal.Invoker.invokeConfigurations(Invoker.java:144)
                        	at org.testng.internal.TestMethodWorker.invokeBeforeClassMethods(TestMethodWorker.java:169)
                        	at org.testng.internal.TestMethodWorker.run(TestMethodWorker.java:108)
                        	at org.testng.TestRunner.privateRun(TestRunner.java:756)
                        	at org.testng.TestRunner.run(TestRunner.java:610)
                        	at org.testng.SuiteRunner.runTest(SuiteRunner.java:387)
                        	at org.testng.SuiteRunner.runSequentially(SuiteRunner.java:382)
                        	at org.testng.SuiteRunner.privateRun(SuiteRunner.java:340)
                        	at org.testng.SuiteRunner.run(SuiteRunner.java:289)
                        	at org.testng.SuiteRunnerWorker.runSuite(SuiteRunnerWorker.java:52)
                        	at org.testng.SuiteRunnerWorker.run(SuiteRunnerWorker.java:86)
                        	at org.testng.TestNG.runSuitesSequentially(TestNG.java:1293)
                        	at org.testng.TestNG.runSuitesLocally(TestNG.java:1218)
                        	at org.testng.TestNG.runSuites(TestNG.java:1133)
                        	at org.testng.TestNG.run(TestNG.java:1104)
                        	at org.apache.maven.surefire.testng.TestNGExecutor.run(TestNGExecutor.java:283)
                        	at org.apache.maven.surefire.testng.TestNGXmlTestSuite.execute(TestNGXmlTestSuite.java:75)
                        	at org.apache.maven.surefire.testng.TestNGProvider.invoke(TestNGProvider.java:120)
                        	at org.apache.maven.surefire.booter.ForkedBooter.invokeProviderInSameClassLoader(ForkedBooter.java:383)
                        	at org.apache.maven.surefire.booter.ForkedBooter.runSuitesInProcess(ForkedBooter.java:344)
                        	at org.apache.maven.surefire.booter.ForkedBooter.execute(ForkedBooter.java:125)
                        	at org.apache.maven.surefire.booter.ForkedBooter.main(ForkedBooter.java:417)
                     </pre>
                  </div>
               </td>
            </tr>
            <tr id="com.selenium.testCase.CardTeacherTest_addCard_byClass_SKIP3_row"
                class="testMethodStatusSKIP">
               <td width="100%" class="firstMethodCell">
                  <a onclick="toggleDetailsVisibility('com.selenium.testCase.CardTeacherTest_addCard_byClass_SKIP3_details')">addCard(3
                     
                     ,
                     
                     2544845625)
                  </a>
               </td>
               <td nowrap="true">17:49:16</td>
               <td nowrap="true" align="right">0 ms
                  
               </td>
               <td nowrap="true">
                  <a onclick="toggleDetailsVisibility('com.selenium.testCase.CardTeacherTest_addCard_byClass_SKIP3_exception')">java.lang.NullPointerException: </a>
                   
                  
               </td>
            </tr>
            <tr>
               <td colspan="4"
                   style="padding: 0; background-color: white; border-style: none; height: 0px;">
                  <div id="com.selenium.testCase.CardTeacherTest_addCard_byClass_SKIP3_details"
                       class="testMethodDetails">
                     <div>
                        <b>Name:
                           
                        </b>addCard
                     </div>
                     <div>
                        <b>Signature:
                           
                        </b>addCard(java.lang.String, java.lang.String)[pri:0, instance:com.selenium.testCase.CardTeacherTest@365c30cc]
                     </div>
                     <div>
                        <b>Parameters:
                           
                        </b>
                        
                        3
                        
                        ,
                        
                        2544845625
                        
                        
                     </div>
                     <div>
                        <b>Start time:
                           
                        </b>17:49:16
                     </div>
                     <div>
                        <b>End time:
                           
                        </b>17:49:16
                     </div>
                     <div>
                        <b>Duration:
                           
                        </b>0 ms
                        
                     </div>
                  </div>
               </td>
            </tr>
            <tr>
               <td colspan="4"
                   style="padding: 0; background-color: white; border-style: none; height: 0px;">
                  <div id="com.selenium.testCase.CardTeacherTest_addCard_byClass_SKIP3_exception"
                       class="testMethodDetails">
                     <pre style="padding: 5px; margin: 0;">java.lang.NullPointerException
                        	at com.selenium.base.DriverBase.getUrl(DriverBase.java:25)
                        	at com.selenium.testCase.CardTeacherTest.BeforeClass(CardTeacherTest.java:29)
                        	at sun.reflect.NativeMethodAccessorImpl.invoke0(Native Method)
                        	at sun.reflect.NativeMethodAccessorImpl.invoke(NativeMethodAccessorImpl.java:62)
                        	at sun.reflect.DelegatingMethodAccessorImpl.invoke(DelegatingMethodAccessorImpl.java:43)
                        	at java.lang.reflect.Method.invoke(Method.java:498)
                        	at org.testng.internal.MethodInvocationHelper.invokeMethod(MethodInvocationHelper.java:104)
                        	at org.testng.internal.Invoker.invokeConfigurationMethod(Invoker.java:515)
                        	at org.testng.internal.Invoker.invokeConfigurations(Invoker.java:217)
                        	at org.testng.internal.Invoker.invokeConfigurations(Invoker.java:144)
                        	at org.testng.internal.TestMethodWorker.invokeBeforeClassMethods(TestMethodWorker.java:169)
                        	at org.testng.internal.TestMethodWorker.run(TestMethodWorker.java:108)
                        	at org.testng.TestRunner.privateRun(TestRunner.java:756)
                        	at org.testng.TestRunner.run(TestRunner.java:610)
                        	at org.testng.SuiteRunner.runTest(SuiteRunner.java:387)
                        	at org.testng.SuiteRunner.runSequentially(SuiteRunner.java:382)
                        	at org.testng.SuiteRunner.privateRun(SuiteRunner.java:340)
                        	at org.testng.SuiteRunner.run(SuiteRunner.java:289)
                        	at org.testng.SuiteRunnerWorker.runSuite(SuiteRunnerWorker.java:52)
                        	at org.testng.SuiteRunnerWorker.run(SuiteRunnerWorker.java:86)
                        	at org.testng.TestNG.runSuitesSequentially(TestNG.java:1293)
                        	at org.testng.TestNG.runSuitesLocally(TestNG.java:1218)
                        	at org.testng.TestNG.runSuites(TestNG.java:1133)
                        	at org.testng.TestNG.run(TestNG.java:1104)
                        	at org.apache.maven.surefire.testng.TestNGExecutor.run(TestNGExecutor.java:283)
                        	at org.apache.maven.surefire.testng.TestNGXmlTestSuite.execute(TestNGXmlTestSuite.java:75)
                        	at org.apache.maven.surefire.testng.TestNGProvider.invoke(TestNGProvider.java:120)
                        	at org.apache.maven.surefire.booter.ForkedBooter.invokeProviderInSameClassLoader(ForkedBooter.java:383)
                        	at org.apache.maven.surefire.booter.ForkedBooter.runSuitesInProcess(ForkedBooter.java:344)
                        	at org.apache.maven.surefire.booter.ForkedBooter.execute(ForkedBooter.java:125)
                        	at org.apache.maven.surefire.booter.ForkedBooter.main(ForkedBooter.java:417)
                     </pre>
                  </div>
               </td>
            </tr>
            <tr id="com.selenium.testCase.CardTeacherTest_addCard_byClass_SKIP4_row"
                class="testMethodStatusSKIP">
               <td width="100%" class="firstMethodCell">
                  <a onclick="toggleDetailsVisibility('com.selenium.testCase.CardTeacherTest_addCard_byClass_SKIP4_details')">addCard(5
                     
                     ,
                     
                     2544845627)
                  </a>
               </td>
               <td nowrap="true">17:49:16</td>
               <td nowrap="true" align="right">1 ms
                  
               </td>
               <td nowrap="true">
                  <a onclick="toggleDetailsVisibility('com.selenium.testCase.CardTeacherTest_addCard_byClass_SKIP4_exception')">java.lang.NullPointerException: </a>
                   
                  
               </td>
            </tr>
            <tr>
               <td colspan="4"
                   style="padding: 0; background-color: white; border-style: none; height: 0px;">
                  <div id="com.selenium.testCase.CardTeacherTest_addCard_byClass_SKIP4_details"
                       class="testMethodDetails">
                     <div>
                        <b>Name:
                           
                        </b>addCard
                     </div>
                     <div>
                        <b>Signature:
                           
                        </b>addCard(java.lang.String, java.lang.String)[pri:0, instance:com.selenium.testCase.CardTeacherTest@365c30cc]
                     </div>
                     <div>
                        <b>Parameters:
                           
                        </b>
                        
                        5
                        
                        ,
                        
                        2544845627
                        
                        
                     </div>
                     <div>
                        <b>Start time:
                           
                        </b>17:49:16
                     </div>
                     <div>
                        <b>End time:
                           
                        </b>17:49:16
                     </div>
                     <div>
                        <b>Duration:
                           
                        </b>1 ms
                        
                     </div>
                  </div>
               </td>
            </tr>
            <tr>
               <td colspan="4"
                   style="padding: 0; background-color: white; border-style: none; height: 0px;">
                  <div id="com.selenium.testCase.CardTeacherTest_addCard_byClass_SKIP4_exception"
                       class="testMethodDetails">
                     <pre style="padding: 5px; margin: 0;">java.lang.NullPointerException
                        	at com.selenium.base.DriverBase.getUrl(DriverBase.java:25)
                        	at com.selenium.testCase.CardTeacherTest.BeforeClass(CardTeacherTest.java:29)
                        	at sun.reflect.NativeMethodAccessorImpl.invoke0(Native Method)
                        	at sun.reflect.NativeMethodAccessorImpl.invoke(NativeMethodAccessorImpl.java:62)
                        	at sun.reflect.DelegatingMethodAccessorImpl.invoke(DelegatingMethodAccessorImpl.java:43)
                        	at java.lang.reflect.Method.invoke(Method.java:498)
                        	at org.testng.internal.MethodInvocationHelper.invokeMethod(MethodInvocationHelper.java:104)
                        	at org.testng.internal.Invoker.invokeConfigurationMethod(Invoker.java:515)
                        	at org.testng.internal.Invoker.invokeConfigurations(Invoker.java:217)
                        	at org.testng.internal.Invoker.invokeConfigurations(Invoker.java:144)
                        	at org.testng.internal.TestMethodWorker.invokeBeforeClassMethods(TestMethodWorker.java:169)
                        	at org.testng.internal.TestMethodWorker.run(TestMethodWorker.java:108)
                        	at org.testng.TestRunner.privateRun(TestRunner.java:756)
                        	at org.testng.TestRunner.run(TestRunner.java:610)
                        	at org.testng.SuiteRunner.runTest(SuiteRunner.java:387)
                        	at org.testng.SuiteRunner.runSequentially(SuiteRunner.java:382)
                        	at org.testng.SuiteRunner.privateRun(SuiteRunner.java:340)
                        	at org.testng.SuiteRunner.run(SuiteRunner.java:289)
                        	at org.testng.SuiteRunnerWorker.runSuite(SuiteRunnerWorker.java:52)
                        	at org.testng.SuiteRunnerWorker.run(SuiteRunnerWorker.java:86)
                        	at org.testng.TestNG.runSuitesSequentially(TestNG.java:1293)
                        	at org.testng.TestNG.runSuitesLocally(TestNG.java:1218)
                        	at org.testng.TestNG.runSuites(TestNG.java:1133)
                        	at org.testng.TestNG.run(TestNG.java:1104)
                        	at org.apache.maven.surefire.testng.TestNGExecutor.run(TestNGExecutor.java:283)
                        	at org.apache.maven.surefire.testng.TestNGXmlTestSuite.execute(TestNGXmlTestSuite.java:75)
                        	at org.apache.maven.surefire.testng.TestNGProvider.invoke(TestNGProvider.java:120)
                        	at org.apache.maven.surefire.booter.ForkedBooter.invokeProviderInSameClassLoader(ForkedBooter.java:383)
                        	at org.apache.maven.surefire.booter.ForkedBooter.runSuitesInProcess(ForkedBooter.java:344)
                        	at org.apache.maven.surefire.booter.ForkedBooter.execute(ForkedBooter.java:125)
                        	at org.apache.maven.surefire.booter.ForkedBooter.main(ForkedBooter.java:417)
                     </pre>
                  </div>
               </td>
            </tr>
            <tr id="com.selenium.testCase.CardTeacherTest_addCard_byClass_SKIP5_row"
                class="testMethodStatusSKIP">
               <td width="100%" class="firstMethodCell">
                  <a onclick="toggleDetailsVisibility('com.selenium.testCase.CardTeacherTest_addCard_byClass_SKIP5_details')">addCard(2
                     
                     ,
                     
                     2544845624)
                  </a>
               </td>
               <td nowrap="true">17:49:16</td>
               <td nowrap="true" align="right">0 ms
                  
               </td>
               <td nowrap="true">
                  <a onclick="toggleDetailsVisibility('com.selenium.testCase.CardTeacherTest_addCard_byClass_SKIP5_exception')">java.lang.NullPointerException: </a>
                   
                  
               </td>
            </tr>
            <tr>
               <td colspan="4"
                   style="padding: 0; background-color: white; border-style: none; height: 0px;">
                  <div id="com.selenium.testCase.CardTeacherTest_addCard_byClass_SKIP5_details"
                       class="testMethodDetails">
                     <div>
                        <b>Name:
                           
                        </b>addCard
                     </div>
                     <div>
                        <b>Signature:
                           
                        </b>addCard(java.lang.String, java.lang.String)[pri:0, instance:com.selenium.testCase.CardTeacherTest@365c30cc]
                     </div>
                     <div>
                        <b>Parameters:
                           
                        </b>
                        
                        2
                        
                        ,
                        
                        2544845624
                        
                        
                     </div>
                     <div>
                        <b>Start time:
                           
                        </b>17:49:16
                     </div>
                     <div>
                        <b>End time:
                           
                        </b>17:49:16
                     </div>
                     <div>
                        <b>Duration:
                           
                        </b>0 ms
                        
                     </div>
                  </div>
               </td>
            </tr>
            <tr>
               <td colspan="4"
                   style="padding: 0; background-color: white; border-style: none; height: 0px;">
                  <div id="com.selenium.testCase.CardTeacherTest_addCard_byClass_SKIP5_exception"
                       class="testMethodDetails">
                     <pre style="padding: 5px; margin: 0;">java.lang.NullPointerException
                        	at com.selenium.base.DriverBase.getUrl(DriverBase.java:25)
                        	at com.selenium.testCase.CardTeacherTest.BeforeClass(CardTeacherTest.java:29)
                        	at sun.reflect.NativeMethodAccessorImpl.invoke0(Native Method)
                        	at sun.reflect.NativeMethodAccessorImpl.invoke(NativeMethodAccessorImpl.java:62)
                        	at sun.reflect.DelegatingMethodAccessorImpl.invoke(DelegatingMethodAccessorImpl.java:43)
                        	at java.lang.reflect.Method.invoke(Method.java:498)
                        	at org.testng.internal.MethodInvocationHelper.invokeMethod(MethodInvocationHelper.java:104)
                        	at org.testng.internal.Invoker.invokeConfigurationMethod(Invoker.java:515)
                        	at org.testng.internal.Invoker.invokeConfigurations(Invoker.java:217)
                        	at org.testng.internal.Invoker.invokeConfigurations(Invoker.java:144)
                        	at org.testng.internal.TestMethodWorker.invokeBeforeClassMethods(TestMethodWorker.java:169)
                        	at org.testng.internal.TestMethodWorker.run(TestMethodWorker.java:108)
                        	at org.testng.TestRunner.privateRun(TestRunner.java:756)
                        	at org.testng.TestRunner.run(TestRunner.java:610)
                        	at org.testng.SuiteRunner.runTest(SuiteRunner.java:387)
                        	at org.testng.SuiteRunner.runSequentially(SuiteRunner.java:382)
                        	at org.testng.SuiteRunner.privateRun(SuiteRunner.java:340)
                        	at org.testng.SuiteRunner.run(SuiteRunner.java:289)
                        	at org.testng.SuiteRunnerWorker.runSuite(SuiteRunnerWorker.java:52)
                        	at org.testng.SuiteRunnerWorker.run(SuiteRunnerWorker.java:86)
                        	at org.testng.TestNG.runSuitesSequentially(TestNG.java:1293)
                        	at org.testng.TestNG.runSuitesLocally(TestNG.java:1218)
                        	at org.testng.TestNG.runSuites(TestNG.java:1133)
                        	at org.testng.TestNG.run(TestNG.java:1104)
                        	at org.apache.maven.surefire.testng.TestNGExecutor.run(TestNGExecutor.java:283)
                        	at org.apache.maven.surefire.testng.TestNGXmlTestSuite.execute(TestNGXmlTestSuite.java:75)
                        	at org.apache.maven.surefire.testng.TestNGProvider.invoke(TestNGProvider.java:120)
                        	at org.apache.maven.surefire.booter.ForkedBooter.invokeProviderInSameClassLoader(ForkedBooter.java:383)
                        	at org.apache.maven.surefire.booter.ForkedBooter.runSuitesInProcess(ForkedBooter.java:344)
                        	at org.apache.maven.surefire.booter.ForkedBooter.execute(ForkedBooter.java:125)
                        	at org.apache.maven.surefire.booter.ForkedBooter.main(ForkedBooter.java:417)
                     </pre>
                  </div>
               </td>
            </tr>
            <tr id="com.selenium.testCase.CardTeacherTest_addCard_byClass_SKIP6_row"
                class="testMethodStatusSKIP">
               <td width="100%" class="firstMethodCell">
                  <a onclick="toggleDetailsVisibility('com.selenium.testCase.CardTeacherTest_addCard_byClass_SKIP6_details')">addCard(4
                     
                     ,
                     
                     2544845626)
                  </a>
               </td>
               <td nowrap="true">17:49:16</td>
               <td nowrap="true" align="right">0 ms
                  
               </td>
               <td nowrap="true">
                  <a onclick="toggleDetailsVisibility('com.selenium.testCase.CardTeacherTest_addCard_byClass_SKIP6_exception')">java.lang.NullPointerException: </a>
                   
                  
               </td>
            </tr>
            <tr>
               <td colspan="4"
                   style="padding: 0; background-color: white; border-style: none; height: 0px;">
                  <div id="com.selenium.testCase.CardTeacherTest_addCard_byClass_SKIP6_details"
                       class="testMethodDetails">
                     <div>
                        <b>Name:
                           
                        </b>addCard
                     </div>
                     <div>
                        <b>Signature:
                           
                        </b>addCard(java.lang.String, java.lang.String)[pri:0, instance:com.selenium.testCase.CardTeacherTest@365c30cc]
                     </div>
                     <div>
                        <b>Parameters:
                           
                        </b>
                        
                        4
                        
                        ,
                        
                        2544845626
                        
                        
                     </div>
                     <div>
                        <b>Start time:
                           
                        </b>17:49:16
                     </div>
                     <div>
                        <b>End time:
                           
                        </b>17:49:16
                     </div>
                     <div>
                        <b>Duration:
                           
                        </b>0 ms
                        
                     </div>
                  </div>
               </td>
            </tr>
            <tr>
               <td colspan="4"
                   style="padding: 0; background-color: white; border-style: none; height: 0px;">
                  <div id="com.selenium.testCase.CardTeacherTest_addCard_byClass_SKIP6_exception"
                       class="testMethodDetails">
                     <pre style="padding: 5px; margin: 0;">java.lang.NullPointerException
                        	at com.selenium.base.DriverBase.getUrl(DriverBase.java:25)
                        	at com.selenium.testCase.CardTeacherTest.BeforeClass(CardTeacherTest.java:29)
                        	at sun.reflect.NativeMethodAccessorImpl.invoke0(Native Method)
                        	at sun.reflect.NativeMethodAccessorImpl.invoke(NativeMethodAccessorImpl.java:62)
                        	at sun.reflect.DelegatingMethodAccessorImpl.invoke(DelegatingMethodAccessorImpl.java:43)
                        	at java.lang.reflect.Method.invoke(Method.java:498)
                        	at org.testng.internal.MethodInvocationHelper.invokeMethod(MethodInvocationHelper.java:104)
                        	at org.testng.internal.Invoker.invokeConfigurationMethod(Invoker.java:515)
                        	at org.testng.internal.Invoker.invokeConfigurations(Invoker.java:217)
                        	at org.testng.internal.Invoker.invokeConfigurations(Invoker.java:144)
                        	at org.testng.internal.TestMethodWorker.invokeBeforeClassMethods(TestMethodWorker.java:169)
                        	at org.testng.internal.TestMethodWorker.run(TestMethodWorker.java:108)
                        	at org.testng.TestRunner.privateRun(TestRunner.java:756)
                        	at org.testng.TestRunner.run(TestRunner.java:610)
                        	at org.testng.SuiteRunner.runTest(SuiteRunner.java:387)
                        	at org.testng.SuiteRunner.runSequentially(SuiteRunner.java:382)
                        	at org.testng.SuiteRunner.privateRun(SuiteRunner.java:340)
                        	at org.testng.SuiteRunner.run(SuiteRunner.java:289)
                        	at org.testng.SuiteRunnerWorker.runSuite(SuiteRunnerWorker.java:52)
                        	at org.testng.SuiteRunnerWorker.run(SuiteRunnerWorker.java:86)
                        	at org.testng.TestNG.runSuitesSequentially(TestNG.java:1293)
                        	at org.testng.TestNG.runSuitesLocally(TestNG.java:1218)
                        	at org.testng.TestNG.runSuites(TestNG.java:1133)
                        	at org.testng.TestNG.run(TestNG.java:1104)
                        	at org.apache.maven.surefire.testng.TestNGExecutor.run(TestNGExecutor.java:283)
                        	at org.apache.maven.surefire.testng.TestNGXmlTestSuite.execute(TestNGXmlTestSuite.java:75)
                        	at org.apache.maven.surefire.testng.TestNGProvider.invoke(TestNGProvider.java:120)
                        	at org.apache.maven.surefire.booter.ForkedBooter.invokeProviderInSameClassLoader(ForkedBooter.java:383)
                        	at org.apache.maven.surefire.booter.ForkedBooter.runSuitesInProcess(ForkedBooter.java:344)
                        	at org.apache.maven.surefire.booter.ForkedBooter.execute(ForkedBooter.java:125)
                        	at org.apache.maven.surefire.booter.ForkedBooter.main(ForkedBooter.java:417)
                     </pre>
                  </div>
               </td>
            </tr>
            <tr id="com.selenium.testCase.CardTeacherTest_addCard_byClass_SKIP7_row"
                class="testMethodStatusSKIP">
               <td width="100%" class="firstMethodCell">
                  <a onclick="toggleDetailsVisibility('com.selenium.testCase.CardTeacherTest_addCard_byClass_SKIP7_details')">addCard(6
                     
                     ,
                     
                     2544845628)
                  </a>
               </td>
               <td nowrap="true">17:49:16</td>
               <td nowrap="true" align="right">0 ms
                  
               </td>
               <td nowrap="true">
                  <a onclick="toggleDetailsVisibility('com.selenium.testCase.CardTeacherTest_addCard_byClass_SKIP7_exception')">java.lang.NullPointerException: </a>
                   
                  
               </td>
            </tr>
            <tr>
               <td colspan="4"
                   style="padding: 0; background-color: white; border-style: none; height: 0px;">
                  <div id="com.selenium.testCase.CardTeacherTest_addCard_byClass_SKIP7_details"
                       class="testMethodDetails">
                     <div>
                        <b>Name:
                           
                        </b>addCard
                     </div>
                     <div>
                        <b>Signature:
                           
                        </b>addCard(java.lang.String, java.lang.String)[pri:0, instance:com.selenium.testCase.CardTeacherTest@365c30cc]
                     </div>
                     <div>
                        <b>Parameters:
                           
                        </b>
                        
                        6
                        
                        ,
                        
                        2544845628
                        
                        
                     </div>
                     <div>
                        <b>Start time:
                           
                        </b>17:49:16
                     </div>
                     <div>
                        <b>End time:
                           
                        </b>17:49:16
                     </div>
                     <div>
                        <b>Duration:
                           
                        </b>0 ms
                        
                     </div>
                  </div>
               </td>
            </tr>
            <tr>
               <td colspan="4"
                   style="padding: 0; background-color: white; border-style: none; height: 0px;">
                  <div id="com.selenium.testCase.CardTeacherTest_addCard_byClass_SKIP7_exception"
                       class="testMethodDetails">
                     <pre style="padding: 5px; margin: 0;">java.lang.NullPointerException
                        	at com.selenium.base.DriverBase.getUrl(DriverBase.java:25)
                        	at com.selenium.testCase.CardTeacherTest.BeforeClass(CardTeacherTest.java:29)
                        	at sun.reflect.NativeMethodAccessorImpl.invoke0(Native Method)
                        	at sun.reflect.NativeMethodAccessorImpl.invoke(NativeMethodAccessorImpl.java:62)
                        	at sun.reflect.DelegatingMethodAccessorImpl.invoke(DelegatingMethodAccessorImpl.java:43)
                        	at java.lang.reflect.Method.invoke(Method.java:498)
                        	at org.testng.internal.MethodInvocationHelper.invokeMethod(MethodInvocationHelper.java:104)
                        	at org.testng.internal.Invoker.invokeConfigurationMethod(Invoker.java:515)
                        	at org.testng.internal.Invoker.invokeConfigurations(Invoker.java:217)
                        	at org.testng.internal.Invoker.invokeConfigurations(Invoker.java:144)
                        	at org.testng.internal.TestMethodWorker.invokeBeforeClassMethods(TestMethodWorker.java:169)
                        	at org.testng.internal.TestMethodWorker.run(TestMethodWorker.java:108)
                        	at org.testng.TestRunner.privateRun(TestRunner.java:756)
                        	at org.testng.TestRunner.run(TestRunner.java:610)
                        	at org.testng.SuiteRunner.runTest(SuiteRunner.java:387)
                        	at org.testng.SuiteRunner.runSequentially(SuiteRunner.java:382)
                        	at org.testng.SuiteRunner.privateRun(SuiteRunner.java:340)
                        	at org.testng.SuiteRunner.run(SuiteRunner.java:289)
                        	at org.testng.SuiteRunnerWorker.runSuite(SuiteRunnerWorker.java:52)
                        	at org.testng.SuiteRunnerWorker.run(SuiteRunnerWorker.java:86)
                        	at org.testng.TestNG.runSuitesSequentially(TestNG.java:1293)
                        	at org.testng.TestNG.runSuitesLocally(TestNG.java:1218)
                        	at org.testng.TestNG.runSuites(TestNG.java:1133)
                        	at org.testng.TestNG.run(TestNG.java:1104)
                        	at org.apache.maven.surefire.testng.TestNGExecutor.run(TestNGExecutor.java:283)
                        	at org.apache.maven.surefire.testng.TestNGXmlTestSuite.execute(TestNGXmlTestSuite.java:75)
                        	at org.apache.maven.surefire.testng.TestNGProvider.invoke(TestNGProvider.java:120)
                        	at org.apache.maven.surefire.booter.ForkedBooter.invokeProviderInSameClassLoader(ForkedBooter.java:383)
                        	at org.apache.maven.surefire.booter.ForkedBooter.runSuitesInProcess(ForkedBooter.java:344)
                        	at org.apache.maven.surefire.booter.ForkedBooter.execute(ForkedBooter.java:125)
                        	at org.apache.maven.surefire.booter.ForkedBooter.main(ForkedBooter.java:417)
                     </pre>
                  </div>
               </td>
            </tr>
            <tr id="com.selenium.testCase.CardTeacherTest_addCard_byClass_SKIP8_row"
                class="testMethodStatusSKIP">
               <td width="100%" class="firstMethodCell">
                  <a onclick="toggleDetailsVisibility('com.selenium.testCase.CardTeacherTest_addCard_byClass_SKIP8_details')">addCard(7
                     
                     ,
                     
                     2544845629)
                  </a>
               </td>
               <td nowrap="true">17:49:16</td>
               <td nowrap="true" align="right">0 ms
                  
               </td>
               <td nowrap="true">
                  <a onclick="toggleDetailsVisibility('com.selenium.testCase.CardTeacherTest_addCard_byClass_SKIP8_exception')">java.lang.NullPointerException: </a>
                   
                  
               </td>
            </tr>
            <tr>
               <td colspan="4"
                   style="padding: 0; background-color: white; border-style: none; height: 0px;">
                  <div id="com.selenium.testCase.CardTeacherTest_addCard_byClass_SKIP8_details"
                       class="testMethodDetails">
                     <div>
                        <b>Name:
                           
                        </b>addCard
                     </div>
                     <div>
                        <b>Signature:
                           
                        </b>addCard(java.lang.String, java.lang.String)[pri:0, instance:com.selenium.testCase.CardTeacherTest@365c30cc]
                     </div>
                     <div>
                        <b>Parameters:
                           
                        </b>
                        
                        7
                        
                        ,
                        
                        2544845629
                        
                        
                     </div>
                     <div>
                        <b>Start time:
                           
                        </b>17:49:16
                     </div>
                     <div>
                        <b>End time:
                           
                        </b>17:49:16
                     </div>
                     <div>
                        <b>Duration:
                           
                        </b>0 ms
                        
                     </div>
                  </div>
               </td>
            </tr>
            <tr>
               <td colspan="4"
                   style="padding: 0; background-color: white; border-style: none; height: 0px;">
                  <div id="com.selenium.testCase.CardTeacherTest_addCard_byClass_SKIP8_exception"
                       class="testMethodDetails">
                     <pre style="padding: 5px; margin: 0;">java.lang.NullPointerException
                        	at com.selenium.base.DriverBase.getUrl(DriverBase.java:25)
                        	at com.selenium.testCase.CardTeacherTest.BeforeClass(CardTeacherTest.java:29)
                        	at sun.reflect.NativeMethodAccessorImpl.invoke0(Native Method)
                        	at sun.reflect.NativeMethodAccessorImpl.invoke(NativeMethodAccessorImpl.java:62)
                        	at sun.reflect.DelegatingMethodAccessorImpl.invoke(DelegatingMethodAccessorImpl.java:43)
                        	at java.lang.reflect.Method.invoke(Method.java:498)
                        	at org.testng.internal.MethodInvocationHelper.invokeMethod(MethodInvocationHelper.java:104)
                        	at org.testng.internal.Invoker.invokeConfigurationMethod(Invoker.java:515)
                        	at org.testng.internal.Invoker.invokeConfigurations(Invoker.java:217)
                        	at org.testng.internal.Invoker.invokeConfigurations(Invoker.java:144)
                        	at org.testng.internal.TestMethodWorker.invokeBeforeClassMethods(TestMethodWorker.java:169)
                        	at org.testng.internal.TestMethodWorker.run(TestMethodWorker.java:108)
                        	at org.testng.TestRunner.privateRun(TestRunner.java:756)
                        	at org.testng.TestRunner.run(TestRunner.java:610)
                        	at org.testng.SuiteRunner.runTest(SuiteRunner.java:387)
                        	at org.testng.SuiteRunner.runSequentially(SuiteRunner.java:382)
                        	at org.testng.SuiteRunner.privateRun(SuiteRunner.java:340)
                        	at org.testng.SuiteRunner.run(SuiteRunner.java:289)
                        	at org.testng.SuiteRunnerWorker.runSuite(SuiteRunnerWorker.java:52)
                        	at org.testng.SuiteRunnerWorker.run(SuiteRunnerWorker.java:86)
                        	at org.testng.TestNG.runSuitesSequentially(TestNG.java:1293)
                        	at org.testng.TestNG.runSuitesLocally(TestNG.java:1218)
                        	at org.testng.TestNG.runSuites(TestNG.java:1133)
                        	at org.testng.TestNG.run(TestNG.java:1104)
                        	at org.apache.maven.surefire.testng.TestNGExecutor.run(TestNGExecutor.java:283)
                        	at org.apache.maven.surefire.testng.TestNGXmlTestSuite.execute(TestNGXmlTestSuite.java:75)
                        	at org.apache.maven.surefire.testng.TestNGProvider.invoke(TestNGProvider.java:120)
                        	at org.apache.maven.surefire.booter.ForkedBooter.invokeProviderInSameClassLoader(ForkedBooter.java:383)
                        	at org.apache.maven.surefire.booter.ForkedBooter.runSuitesInProcess(ForkedBooter.java:344)
                        	at org.apache.maven.surefire.booter.ForkedBooter.execute(ForkedBooter.java:125)
                        	at org.apache.maven.surefire.booter.ForkedBooter.main(ForkedBooter.java:417)
                     </pre>
                  </div>
               </td>
            </tr>
            <tr id="com.selenium.testCase.CardTeacherTest_AfterClass_byClass_SKIP9_row"
                class="testMethodStatusSKIP testMethodStatusCONF">
               <td width="100%" class="firstMethodCell">
                  <a onclick="toggleDetailsVisibility('com.selenium.testCase.CardTeacherTest_AfterClass_byClass_SKIP9_details')">AfterClass()</a>
               </td>
               <td nowrap="true">17:49:16</td>
               <td nowrap="true" align="right">0 ms
                  
               </td>
               <td nowrap="true">
                   
                  
               </td>
            </tr>
            <tr>
               <td colspan="4"
                   style="padding: 0; background-color: white; border-style: none; height: 0px;">
                  <div id="com.selenium.testCase.CardTeacherTest_AfterClass_byClass_SKIP9_details"
                       class="testMethodDetails">
                     <div>
                        <b>Name:
                           
                        </b>AfterClass
                     </div>
                     <div>
                        <b>Signature:
                           
                        </b>AfterClass()[pri:0, instance:com.selenium.testCase.CardTeacherTest@365c30cc]
                     </div>
                     <div>
                        <b>Start time:
                           
                        </b>17:49:16
                     </div>
                     <div>
                        <b>End time:
                           
                        </b>17:49:16
                     </div>
                     <div>
                        <b>Duration:
                           
                        </b>0 ms
                        
                     </div>
                  </div>
               </td>
            </tr>
            <tr></tr>
         </table>
         <br></br>
      </div>
      <div style="margin-top: 15px; color: gray; text-align: center; font-size: 9px;">
         Generated with
         
         <a href="http://code.google.com/p/testng-xslt/" style="color: #8888aa;"
            target="_blank">
            TestNG XSLT
            
         </a>
      </div>
   </body>
</html>