<html>
<head>
<title>TestNG:  NewTest1</title>
<link href="../testng.css" rel="stylesheet" type="text/css" />
<link href="../my-testng.css" rel="stylesheet" type="text/css" />

<style type="text/css">
.log { display: none;} 
.stack-trace { display: none;} 
</style>
<script type="text/javascript">
<!--
function flip(e) {
  current = e.style.display;
  if (current == 'block') {
    e.style.display = 'none';
    return 0;
  }
  else {
    e.style.display = 'block';
    return 1;
  }
}

function toggleBox(szDivId, elem, msg1, msg2)
{
  var res = -1;  if (document.getElementById) {
    res = flip(document.getElementById(szDivId));
  }
  else if (document.all) {
    // this is the way old msie versions work
    res = flip(document.all[szDivId]);
  }
  if(elem) {
    if(res == 0) elem.innerHTML = msg1; else elem.innerHTML = msg2;
  }

}

function toggleAllBoxes() {
  if (document.getElementsByTagName) {
    d = document.getElementsByTagName('div');
    for (i = 0; i < d.length; i++) {
      if (d[i].className == 'log') {
        flip(d[i]);
      }
    }
  }
}

// -->
</script>

</head>
<body>
<h2 align='center'>NewTest1</h2><table border='1' align="center">
<tr>
<td>Tests passed/Failed/Skipped:</td><td>16/2/0</td>
</tr><tr>
<td>Started on:</td><td>Mon Apr 29 19:19:32 CST 2019</td>
</tr>
<tr><td>Total time:</td><td>115 seconds (115843 ms)</td>
</tr><tr>
<td>Included groups:</td><td></td>
</tr><tr>
<td>Excluded groups:</td><td></td>
</tr>
</table><p/>
<small><i>(Hover the method name to see the test class name)</i></small><p/>
<table width='100%' border='1' class='invocation-failed'>
<tr><td colspan='4' align='center'><b>FAILED TESTS</b></td></tr>
<tr><td><b>Test method</b></td>
<td width="30%"><b>Exception</b></td>
<td width="10%"><b>Time (seconds)</b></td>
<td><b>Instance</b></td>
</tr>
<tr>
<td title='com.selenium.testCase.CardStuTest.testDelCard()'><b>testDelCard</b><br>Test class: com.selenium.testCase.CardStuTest<br>Parameters: 1234877441, 草莓三班</td>
<td><div><pre>org.openqa.selenium.NoSuchElementException: no such element: Unable to locate element: {&quot;method&quot;:&quot;xpath&quot;,&quot;selector&quot;:&quot;//*[@id=&quot;stuCardDetail-datatable&quot;]/tbody/tr/td[2]&quot;}
  (Session info: chrome=73.0.3683.103)
  (Driver info: chromedriver=73.0.3683.68 (47787ec04b6e38e22703e856e101e840b65afe72),platform=Mac OS X 10.14.4 x86_64) (WARNING: The server did not provide any stacktrace information)
Command duration or timeout: 106 milliseconds
For documentation on this error, please visit: http://seleniumhq.org/exceptions/no_such_element.html
Build info: version: &apos;3.4.0&apos;, revision: &apos;unknown&apos;, time: &apos;unknown&apos;
System info: host: &apos;spacedeiMac-2.local&apos;, ip: &apos;10.10.10.32&apos;, os.name: &apos;Mac OS X&apos;, os.arch: &apos;x86_64&apos;, os.version: &apos;10.14.4&apos;, java.version: &apos;1.8.0_211&apos;
Driver info: org.openqa.selenium.chrome.ChromeDriver
Capabilities [{mobileEmulationEnabled=false, timeouts={implicit=0.0, pageLoad=300000.0, script=30000.0}, hasTouchScreen=false, platform=MAC, acceptSslCerts=false, goog:chromeOptions={debuggerAddress=localhost:64395}, acceptInsecureCerts=false, webStorageEnabled=true, browserName=chrome, takesScreenshot=true, javascriptEnabled=true, setWindowRect=true, unexpectedAlertBehaviour=ignore, applicationCacheEnabled=false, rotatable=false, networkConnectionEnabled=false, chrome={chromedriverVersion=73.0.3683.68 (47787ec04b6e38e22703e856e101e840b65afe72), userDataDir=/var/folders/x8/xwg6z06d2k90bg__vlp4lt2w0000gn/T/.com.google.Chrome.b4Oaq1}, takesHeapSnapshot=true, pageLoadStrategy=normal, strictFileInteractability=false, databaseEnabled=false, handlesAlerts=true, version=73.0.3683.103, browserConnectionEnabled=false, proxy=Proxy(), nativeEvents=true, locationContextEnabled=true, cssSelectorsEnabled=true}]
Session ID: 778fa15e39ae7e32f4863269eb9e3f6a
*** Element info: {Using=xpath, value=//*[@id=&quot;stuCardDetail-datatable&quot;]/tbody/tr/td[2]}
	at org.openqa.selenium.remote.ErrorHandler.createThrowable(ErrorHandler.java:215)
	at org.openqa.selenium.remote.ErrorHandler.throwIfResponseFailed(ErrorHandler.java:167)
	at org.openqa.selenium.remote.RemoteWebDriver.execute(RemoteWebDriver.java:671)
	at org.openqa.selenium.remote.RemoteWebDriver.findElement(RemoteWebDriver.java:410)
	at org.openqa.selenium.remote.RemoteWebDriver.findElementByXPath(RemoteWebDriver.java:509)
	at org.openqa.selenium.By$ByXPath.findElement(By.java:361)
	at org.openqa.selenium.remote.RemoteWebDriver.findElement(RemoteWebDriver.java:402)
	at com.selenium.base.DriverBase.findElement(DriverBase.java:54)
	at com.selenium.page.BasePage.element(BasePage.java:25)
	at com.selenium.page.CardPage.cardlistEle(CardPage.java:170)
	at com.selenium.page.CardPage.addedCardNo(CardPage.java:176)
	at com.selenium.bussiness.CardPro.delcard(CardPro.java:127)
	at com.selenium.testCase.CardStuTest.testDelCard(CardStuTest.java:75)
... Removed 33 stack frames</pre></div><a href='#' onClick='toggleBox("stack-trace361380654", this, "Click to show all stack frames", "Click to hide stack frames")'>Click to show all stack frames</a>
<div class='stack-trace' id='stack-trace361380654'><pre>org.openqa.selenium.NoSuchElementException: no such element: Unable to locate element: {&quot;method&quot;:&quot;xpath&quot;,&quot;selector&quot;:&quot;//*[@id=&quot;stuCardDetail-datatable&quot;]/tbody/tr/td[2]&quot;}
  (Session info: chrome=73.0.3683.103)
  (Driver info: chromedriver=73.0.3683.68 (47787ec04b6e38e22703e856e101e840b65afe72),platform=Mac OS X 10.14.4 x86_64) (WARNING: The server did not provide any stacktrace information)
Command duration or timeout: 106 milliseconds
For documentation on this error, please visit: http://seleniumhq.org/exceptions/no_such_element.html
Build info: version: &apos;3.4.0&apos;, revision: &apos;unknown&apos;, time: &apos;unknown&apos;
System info: host: &apos;spacedeiMac-2.local&apos;, ip: &apos;10.10.10.32&apos;, os.name: &apos;Mac OS X&apos;, os.arch: &apos;x86_64&apos;, os.version: &apos;10.14.4&apos;, java.version: &apos;1.8.0_211&apos;
Driver info: org.openqa.selenium.chrome.ChromeDriver
Capabilities [{mobileEmulationEnabled=false, timeouts={implicit=0.0, pageLoad=300000.0, script=30000.0}, hasTouchScreen=false, platform=MAC, acceptSslCerts=false, goog:chromeOptions={debuggerAddress=localhost:64395}, acceptInsecureCerts=false, webStorageEnabled=true, browserName=chrome, takesScreenshot=true, javascriptEnabled=true, setWindowRect=true, unexpectedAlertBehaviour=ignore, applicationCacheEnabled=false, rotatable=false, networkConnectionEnabled=false, chrome={chromedriverVersion=73.0.3683.68 (47787ec04b6e38e22703e856e101e840b65afe72), userDataDir=/var/folders/x8/xwg6z06d2k90bg__vlp4lt2w0000gn/T/.com.google.Chrome.b4Oaq1}, takesHeapSnapshot=true, pageLoadStrategy=normal, strictFileInteractability=false, databaseEnabled=false, handlesAlerts=true, version=73.0.3683.103, browserConnectionEnabled=false, proxy=Proxy(), nativeEvents=true, locationContextEnabled=true, cssSelectorsEnabled=true}]
Session ID: 778fa15e39ae7e32f4863269eb9e3f6a
*** Element info: {Using=xpath, value=//*[@id=&quot;stuCardDetail-datatable&quot;]/tbody/tr/td[2]}
	at sun.reflect.NativeConstructorAccessorImpl.newInstance0(Native Method)
	at sun.reflect.NativeConstructorAccessorImpl.newInstance(NativeConstructorAccessorImpl.java:62)
	at sun.reflect.DelegatingConstructorAccessorImpl.newInstance(DelegatingConstructorAccessorImpl.java:45)
	at java.lang.reflect.Constructor.newInstance(Constructor.java:423)
	at org.openqa.selenium.remote.ErrorHandler.createThrowable(ErrorHandler.java:215)
	at org.openqa.selenium.remote.ErrorHandler.throwIfResponseFailed(ErrorHandler.java:167)
	at org.openqa.selenium.remote.RemoteWebDriver.execute(RemoteWebDriver.java:671)
	at org.openqa.selenium.remote.RemoteWebDriver.findElement(RemoteWebDriver.java:410)
	at org.openqa.selenium.remote.RemoteWebDriver.findElementByXPath(RemoteWebDriver.java:509)
	at org.openqa.selenium.By$ByXPath.findElement(By.java:361)
	at org.openqa.selenium.remote.RemoteWebDriver.findElement(RemoteWebDriver.java:402)
	at com.selenium.base.DriverBase.findElement(DriverBase.java:54)
	at com.selenium.page.BasePage.element(BasePage.java:25)
	at com.selenium.page.CardPage.cardlistEle(CardPage.java:170)
	at com.selenium.page.CardPage.addedCardNo(CardPage.java:176)
	at com.selenium.bussiness.CardPro.delcard(CardPro.java:127)
	at com.selenium.testCase.CardStuTest.testDelCard(CardStuTest.java:75)
	at sun.reflect.NativeMethodAccessorImpl.invoke0(Native Method)
	at sun.reflect.NativeMethodAccessorImpl.invoke(NativeMethodAccessorImpl.java:62)
	at sun.reflect.DelegatingMethodAccessorImpl.invoke(DelegatingMethodAccessorImpl.java:43)
	at java.lang.reflect.Method.invoke(Method.java:498)
	at org.testng.internal.MethodInvocationHelper.invokeMethod(MethodInvocationHelper.java:104)
	at org.testng.internal.Invoker.invokeMethod(Invoker.java:645)
	at org.testng.internal.Invoker.invokeTestMethod(Invoker.java:851)
	at org.testng.internal.Invoker.invokeTestMethods(Invoker.java:1177)
	at org.testng.internal.TestMethodWorker.invokeTestMethods(TestMethodWorker.java:129)
	at org.testng.internal.TestMethodWorker.run(TestMethodWorker.java:112)
	at org.testng.TestRunner.privateRun(TestRunner.java:756)
	at org.testng.TestRunner.run(TestRunner.java:610)
	at org.testng.SuiteRunner.runTest(SuiteRunner.java:387)
	at org.testng.SuiteRunner.runSequentially(SuiteRunner.java:382)
	at org.testng.SuiteRunner.privateRun(SuiteRunner.java:340)
	at org.testng.SuiteRunner.run(SuiteRunner.java:289)
	at org.testng.SuiteRunnerWorker.runSuite(SuiteRunnerWorker.java:52)
	at org.testng.SuiteRunnerWorker.run(SuiteRunnerWorker.java:86)
	at org.testng.TestNG.runSuitesSequentially(TestNG.java:1293)
	at org.testng.TestNG.runSuitesLocally(TestNG.java:1218)
	at org.testng.TestNG.runSuites(TestNG.java:1133)
	at org.testng.TestNG.run(TestNG.java:1104)
	at org.apache.maven.surefire.testng.TestNGExecutor.run(TestNGExecutor.java:283)
	at org.apache.maven.surefire.testng.TestNGXmlTestSuite.execute(TestNGXmlTestSuite.java:75)
	at org.apache.maven.surefire.testng.TestNGProvider.invoke(TestNGProvider.java:120)
	at org.apache.maven.surefire.booter.ForkedBooter.invokeProviderInSameClassLoader(ForkedBooter.java:383)
	at org.apache.maven.surefire.booter.ForkedBooter.runSuitesInProcess(ForkedBooter.java:344)
	at org.apache.maven.surefire.booter.ForkedBooter.execute(ForkedBooter.java:125)
	at org.apache.maven.surefire.booter.ForkedBooter.main(ForkedBooter.java:417)
</pre></div></td>
<td>3</td>
<td>com.selenium.testCase.CardStuTest@282003e1</td></tr>
<tr>
<td title='com.selenium.testCase.CardStuTest.testExport()'><b>testExport</b><br>Test class: com.selenium.testCase.CardStuTest</td>
<td><div><pre>java.lang.AssertionError: expected [false] but found [true]
	at com.selenium.testCase.CardStuTest.testExport(CardStuTest.java:61)
... Removed 35 stack frames</pre></div><a href='#' onClick='toggleBox("stack-trace1909398279", this, "Click to show all stack frames", "Click to hide stack frames")'>Click to show all stack frames</a>
<div class='stack-trace' id='stack-trace1909398279'><pre>java.lang.AssertionError: expected [false] but found [true]
	at org.testng.Assert.fail(Assert.java:94)
	at org.testng.Assert.failNotEquals(Assert.java:513)
	at org.testng.Assert.assertEqualsImpl(Assert.java:135)
	at org.testng.Assert.assertEquals(Assert.java:116)
	at org.testng.Assert.assertEquals(Assert.java:305)
	at org.testng.Assert.assertEquals(Assert.java:315)
	at com.selenium.testCase.CardStuTest.testExport(CardStuTest.java:61)
	at sun.reflect.NativeMethodAccessorImpl.invoke0(Native Method)
	at sun.reflect.NativeMethodAccessorImpl.invoke(NativeMethodAccessorImpl.java:62)
	at sun.reflect.DelegatingMethodAccessorImpl.invoke(DelegatingMethodAccessorImpl.java:43)
	at java.lang.reflect.Method.invoke(Method.java:498)
	at org.testng.internal.MethodInvocationHelper.invokeMethod(MethodInvocationHelper.java:104)
	at org.testng.internal.Invoker.invokeMethod(Invoker.java:645)
	at org.testng.internal.Invoker.invokeTestMethod(Invoker.java:851)
	at org.testng.internal.Invoker.invokeTestMethods(Invoker.java:1177)
	at org.testng.internal.TestMethodWorker.invokeTestMethods(TestMethodWorker.java:129)
	at org.testng.internal.TestMethodWorker.run(TestMethodWorker.java:112)
	at org.testng.TestRunner.privateRun(TestRunner.java:756)
	at org.testng.TestRunner.run(TestRunner.java:610)
	at org.testng.SuiteRunner.runTest(SuiteRunner.java:387)
	at org.testng.SuiteRunner.runSequentially(SuiteRunner.java:382)
	at org.testng.SuiteRunner.privateRun(SuiteRunner.java:340)
	at org.testng.SuiteRunner.run(SuiteRunner.java:289)
	at org.testng.SuiteRunnerWorker.runSuite(SuiteRunnerWorker.java:52)
	at org.testng.SuiteRunnerWorker.run(SuiteRunnerWorker.java:86)
	at org.testng.TestNG.runSuitesSequentially(TestNG.java:1293)
	at org.testng.TestNG.runSuitesLocally(TestNG.java:1218)
	at org.testng.TestNG.runSuites(TestNG.java:1133)
	at org.testng.TestNG.run(TestNG.java:1104)
	at org.apache.maven.surefire.testng.TestNGExecutor.run(TestNGExecutor.java:283)
	at org.apache.maven.surefire.testng.TestNGXmlTestSuite.execute(TestNGXmlTestSuite.java:75)
	at org.apache.maven.surefire.testng.TestNGProvider.invoke(TestNGProvider.java:120)
	at org.apache.maven.surefire.booter.ForkedBooter.invokeProviderInSameClassLoader(ForkedBooter.java:383)
	at org.apache.maven.surefire.booter.ForkedBooter.runSuitesInProcess(ForkedBooter.java:344)
	at org.apache.maven.surefire.booter.ForkedBooter.execute(ForkedBooter.java:125)
	at org.apache.maven.surefire.booter.ForkedBooter.main(ForkedBooter.java:417)
</pre></div></td>
<td>17</td>
<td>com.selenium.testCase.CardStuTest@282003e1</td></tr>
</table><p>
<table width='100%' border='1' class='invocation-passed'>
<tr><td colspan='4' align='center'><b>PASSED TESTS</b></td></tr>
<tr><td><b>Test method</b></td>
<td width="30%"><b>Exception</b></td>
<td width="10%"><b>Time (seconds)</b></td>
<td><b>Instance</b></td>
</tr>
<tr>
<td title='com.selenium.testCase.CardTeacherTest.addCard()'><b>addCard</b><br>Test class: com.selenium.testCase.CardTeacherTest<br>Parameters: 1, 2544845623</td>
<td></td>
<td>8</td>
<td>com.selenium.testCase.CardTeacherTest@7fad8c79</td></tr>
<tr>
<td title='com.selenium.testCase.CardTeacherTest.addCard()'><b>addCard</b><br>Test class: com.selenium.testCase.CardTeacherTest<br>Parameters: 2, 2544845624</td>
<td></td>
<td>8</td>
<td>com.selenium.testCase.CardTeacherTest@7fad8c79</td></tr>
<tr>
<td title='com.selenium.testCase.CardTeacherTest.addCard()'><b>addCard</b><br>Test class: com.selenium.testCase.CardTeacherTest<br>Parameters: 3, 2544845625</td>
<td></td>
<td>8</td>
<td>com.selenium.testCase.CardTeacherTest@7fad8c79</td></tr>
<tr>
<td title='com.selenium.testCase.CardTeacherTest.addCard()'><b>addCard</b><br>Test class: com.selenium.testCase.CardTeacherTest<br>Parameters: 4, 2544845626</td>
<td></td>
<td>8</td>
<td>com.selenium.testCase.CardTeacherTest@7fad8c79</td></tr>
<tr>
<td title='com.selenium.testCase.CardTeacherTest.addCard()'><b>addCard</b><br>Test class: com.selenium.testCase.CardTeacherTest<br>Parameters: 5, 2544845627</td>
<td></td>
<td>8</td>
<td>com.selenium.testCase.CardTeacherTest@7fad8c79</td></tr>
<tr>
<td title='com.selenium.testCase.CardTeacherTest.addCard()'><b>addCard</b><br>Test class: com.selenium.testCase.CardTeacherTest<br>Parameters: 6, 2544845628</td>
<td></td>
<td>8</td>
<td>com.selenium.testCase.CardTeacherTest@7fad8c79</td></tr>
<tr>
<td title='com.selenium.testCase.CardTeacherTest.addCard()'><b>addCard</b><br>Test class: com.selenium.testCase.CardTeacherTest<br>Parameters: 7, 2544845629</td>
<td></td>
<td>8</td>
<td>com.selenium.testCase.CardTeacherTest@7fad8c79</td></tr>
<tr>
<td title='com.selenium.testCase.CardTeacherTest.delCard()'><b>delCard</b><br>Test class: com.selenium.testCase.CardTeacherTest<br>Parameters: 1, 2544845623</td>
<td></td>
<td>2</td>
<td>com.selenium.testCase.CardTeacherTest@7fad8c79</td></tr>
<tr>
<td title='com.selenium.testCase.CardTeacherTest.delCard()'><b>delCard</b><br>Test class: com.selenium.testCase.CardTeacherTest<br>Parameters: 2, 2544845624</td>
<td></td>
<td>2</td>
<td>com.selenium.testCase.CardTeacherTest@7fad8c79</td></tr>
<tr>
<td title='com.selenium.testCase.CardTeacherTest.delCard()'><b>delCard</b><br>Test class: com.selenium.testCase.CardTeacherTest<br>Parameters: 3, 2544845625</td>
<td></td>
<td>2</td>
<td>com.selenium.testCase.CardTeacherTest@7fad8c79</td></tr>
<tr>
<td title='com.selenium.testCase.CardTeacherTest.delCard()'><b>delCard</b><br>Test class: com.selenium.testCase.CardTeacherTest<br>Parameters: 4, 2544845626</td>
<td></td>
<td>2</td>
<td>com.selenium.testCase.CardTeacherTest@7fad8c79</td></tr>
<tr>
<td title='com.selenium.testCase.CardTeacherTest.delCard()'><b>delCard</b><br>Test class: com.selenium.testCase.CardTeacherTest<br>Parameters: 5, 2544845627</td>
<td></td>
<td>2</td>
<td>com.selenium.testCase.CardTeacherTest@7fad8c79</td></tr>
<tr>
<td title='com.selenium.testCase.CardTeacherTest.delCard()'><b>delCard</b><br>Test class: com.selenium.testCase.CardTeacherTest<br>Parameters: 6, 2544845628</td>
<td></td>
<td>2</td>
<td>com.selenium.testCase.CardTeacherTest@7fad8c79</td></tr>
<tr>
<td title='com.selenium.testCase.CardTeacherTest.delCard()'><b>delCard</b><br>Test class: com.selenium.testCase.CardTeacherTest<br>Parameters: 7, 2544845629</td>
<td></td>
<td>2</td>
<td>com.selenium.testCase.CardTeacherTest@7fad8c79</td></tr>
<tr>
<td title='com.selenium.testCase.LoginTest.login()'><b>login</b><br>Test class: com.selenium.testCase.LoginTest<br>Parameters: ghzdhcsxxadmin, 102684s, 光海自动化测试学校管理员</td>
<td></td>
<td>9</td>
<td>com.selenium.testCase.LoginTest@4148db48</td></tr>
<tr>
<td title='com.selenium.testCase.CardStuTest.testAddCard()'><b>testAddCard</b><br>Test class: com.selenium.testCase.CardStuTest<br>Parameters: 1234877441, 草莓三班</td>
<td></td>
<td>3</td>
<td>com.selenium.testCase.CardStuTest@282003e1</td></tr>
</table><p>
</body>
</html>