<?xml version="1.0" encoding="UTF-8"?>
<!-- Generated by org.testng.reporters.JUnitXMLReporter -->
<testsuite hostname="spacedeiMac-2.local" ignored="0" name="NewTest1" tests="18" failures="2" timestamp="29 四月 2019 11:21:28 GMT" time="115.843" errors="0">
  <testcase name="login" time="9.674" classname="com.selenium.testCase.LoginTest"/>
  <testcase name="testAddCard" time="3.605" classname="com.selenium.testCase.CardStuTest"/>
  <testcase name="testDelCard" time="3.436" classname="com.selenium.testCase.CardStuTest">
    <failure type="org.openqa.selenium.NoSuchElementException" message="no such element: Unable to locate element: {&amp;quot;method&amp;quot;:&amp;quot;xpath&amp;quot;,&amp;quot;selector&amp;quot;:&amp;quot;//*[@id=&amp;quot;stuCardDetail-datatable&amp;quot;]/tbody/tr/td[2]&amp;quot;}
  (Session info: chrome=73.0.3683.103)
  (Driver info: chromedriver=73.0.3683.68 (47787ec04b6e38e22703e856e101e840b65afe72),platform=Mac OS X 10.14.4 x86_64) (WARNING: The server did not provide any stacktrace information)
Command duration or timeout: 106 milliseconds
For documentation on this error, please visit: http://seleniumhq.org/exceptions/no_such_element.html
Build info: version: &amp;apos;3.4.0&amp;apos;, revision: &amp;apos;unknown&amp;apos;, time: &amp;apos;unknown&amp;apos;
System info: host: &amp;apos;spacedeiMac-2.local&amp;apos;, ip: &amp;apos;10.10.10.32&amp;apos;, os.name: &amp;apos;Mac OS X&amp;apos;, os.arch: &amp;apos;x86_64&amp;apos;, os.version: &amp;apos;10.14.4&amp;apos;, java.version: &amp;apos;1.8.0_211&amp;apos;
Driver info: org.openqa.selenium.chrome.ChromeDriver
Capabilities [{mobileEmulationEnabled=false, timeouts={implicit=0.0, pageLoad=300000.0, script=30000.0}, hasTouchScreen=false, platform=MAC, acceptSslCerts=false, goog:chromeOptions={debuggerAddress=localhost:64395}, acceptInsecureCerts=false, webStorageEnabled=true, browserName=chrome, takesScreenshot=true, javascriptEnabled=true, setWindowRect=true, unexpectedAlertBehaviour=ignore, applicationCacheEnabled=false, rotatable=false, networkConnectionEnabled=false, chrome={chromedriverVersion=73.0.3683.68 (47787ec04b6e38e22703e856e101e840b65afe72), userDataDir=/var/folders/x8/xwg6z06d2k90bg__vlp4lt2w0000gn/T/.com.google.Chrome.b4Oaq1}, takesHeapSnapshot=true, pageLoadStrategy=normal, strictFileInteractability=false, databaseEnabled=false, handlesAlerts=true, version=73.0.3683.103, browserConnectionEnabled=false, proxy=Proxy(), nativeEvents=true, locationContextEnabled=true, cssSelectorsEnabled=true}]
Session ID: 778fa15e39ae7e32f4863269eb9e3f6a
*** Element info: {Using=xpath, value=//*[@id=&amp;quot;stuCardDetail-datatable&amp;quot;]/tbody/tr/td[2]}">
      <![CDATA[org.openqa.selenium.NoSuchElementException: no such element: Unable to locate element: {"method":"xpath","selector":"//*[@id="stuCardDetail-datatable"]/tbody/tr/td[2]"}
  (Session info: chrome=73.0.3683.103)
  (Driver info: chromedriver=73.0.3683.68 (47787ec04b6e38e22703e856e101e840b65afe72),platform=Mac OS X 10.14.4 x86_64) (WARNING: The server did not provide any stacktrace information)
Command duration or timeout: 106 milliseconds
For documentation on this error, please visit: http://seleniumhq.org/exceptions/no_such_element.html
Build info: version: '3.4.0', revision: 'unknown', time: 'unknown'
System info: host: 'spacedeiMac-2.local', ip: '10.10.10.32', os.name: 'Mac OS X', os.arch: 'x86_64', os.version: '10.14.4', java.version: '1.8.0_211'
Driver info: org.openqa.selenium.chrome.ChromeDriver
Capabilities [{mobileEmulationEnabled=false, timeouts={implicit=0.0, pageLoad=300000.0, script=30000.0}, hasTouchScreen=false, platform=MAC, acceptSslCerts=false, goog:chromeOptions={debuggerAddress=localhost:64395}, acceptInsecureCerts=false, webStorageEnabled=true, browserName=chrome, takesScreenshot=true, javascriptEnabled=true, setWindowRect=true, unexpectedAlertBehaviour=ignore, applicationCacheEnabled=false, rotatable=false, networkConnectionEnabled=false, chrome={chromedriverVersion=73.0.3683.68 (47787ec04b6e38e22703e856e101e840b65afe72), userDataDir=/var/folders/x8/xwg6z06d2k90bg__vlp4lt2w0000gn/T/.com.google.Chrome.b4Oaq1}, takesHeapSnapshot=true, pageLoadStrategy=normal, strictFileInteractability=false, databaseEnabled=false, handlesAlerts=true, version=73.0.3683.103, browserConnectionEnabled=false, proxy=Proxy(), nativeEvents=true, locationContextEnabled=true, cssSelectorsEnabled=true}]
Session ID: 778fa15e39ae7e32f4863269eb9e3f6a
*** Element info: {Using=xpath, value=//*[@id="stuCardDetail-datatable"]/tbody/tr/td[2]}
	at org.openqa.selenium.remote.ErrorHandler.createThrowable(ErrorHandler.java:215)
	at org.openqa.selenium.remote.ErrorHandler.throwIfResponseFailed(ErrorHandler.java:167)
	at org.openqa.selenium.remote.RemoteWebDriver.execute(RemoteWebDriver.java:671)
	at org.openqa.selenium.remote.RemoteWebDriver.findElement(RemoteWebDriver.java:410)
	at org.openqa.selenium.remote.RemoteWebDriver.findElementByXPath(RemoteWebDriver.java:509)
	at org.openqa.selenium.By$ByXPath.findElement(By.java:361)
	at org.openqa.selenium.remote.RemoteWebDriver.findElement(RemoteWebDriver.java:402)
	at com.selenium.base.DriverBase.findElement(DriverBase.java:54)
	at com.selenium.page.BasePage.element(BasePage.java:25)
	at com.selenium.page.CardPage.cardlistEle(CardPage.java:170)
	at com.selenium.page.CardPage.addedCardNo(CardPage.java:176)
	at com.selenium.bussiness.CardPro.delcard(CardPro.java:127)
	at com.selenium.testCase.CardStuTest.testDelCard(CardStuTest.java:75)
... Removed 33 stack frames]]>
    </failure>
  </testcase> <!-- testDelCard -->
  <testcase name="testExport" time="17.046" classname="com.selenium.testCase.CardStuTest">
    <failure type="java.lang.AssertionError" message="expected [false] but found [true]">
      <![CDATA[java.lang.AssertionError: expected [false] but found [true]
	at com.selenium.testCase.CardStuTest.testExport(CardStuTest.java:61)
... Removed 35 stack frames]]>
    </failure>
  </testcase> <!-- testExport -->
  <testcase name="addCard" time="8.394" classname="com.selenium.testCase.CardTeacherTest"/>
  <testcase name="addCard" time="8.339" classname="com.selenium.testCase.CardTeacherTest"/>
  <testcase name="addCard" time="8.299" classname="com.selenium.testCase.CardTeacherTest"/>
  <testcase name="addCard" time="8.296" classname="com.selenium.testCase.CardTeacherTest"/>
  <testcase name="addCard" time="8.332" classname="com.selenium.testCase.CardTeacherTest"/>
  <testcase name="addCard" time="8.329" classname="com.selenium.testCase.CardTeacherTest"/>
  <testcase name="addCard" time="8.324" classname="com.selenium.testCase.CardTeacherTest"/>
  <testcase name="delCard" time="2.163" classname="com.selenium.testCase.CardTeacherTest"/>
  <testcase name="delCard" time="2.171" classname="com.selenium.testCase.CardTeacherTest"/>
  <testcase name="delCard" time="2.167" classname="com.selenium.testCase.CardTeacherTest"/>
  <testcase name="delCard" time="2.17" classname="com.selenium.testCase.CardTeacherTest"/>
  <testcase name="delCard" time="2.161" classname="com.selenium.testCase.CardTeacherTest"/>
  <testcase name="delCard" time="2.164" classname="com.selenium.testCase.CardTeacherTest"/>
  <testcase name="delCard" time="2.173" classname="com.selenium.testCase.CardTeacherTest"/>
</testsuite> <!-- NewTest1 -->
