<?xml version="1.0" encoding="utf-8" ?>
<!DOCTYPE html PUBLIC "-//W3C//DTD XHTML 1.0 Strict//EN"
        "http://www.w3.org/TR/xhtml1/DTD/xhtml1-strict.dtd">
<html xmlns="http://www.w3.org/1999/xhtml" xml:lang="" lang="">
<head>
  <title>Test Results Report - NewTest1</title>
  <meta http-equiv="Content-Type" content="text/html;charset=utf-8" />
  <meta name="description" content="TestNG unit test results." />
  <link href="reportng.css" rel="stylesheet" type="text/css" />
    <script type="text/javascript" src="reportng.js"></script>
</head>
<body>
<h1>NewTest1</h1>
<p>
  Test duration: 115.662s
</p>



  <table class="resultsTable">
    <tr><th colspan="3" class="header failed">Failed Tests</th></tr>
          <tr>
        <td colspan="3" class="group">com.selenium.testCase.CardStuTest</td>
      </tr>
            
<tr>
  <td class="method">
                  testDelCard
      </td>
  <td class="duration">
    3.436s
  </td>
  <td class="result">
        
          <i>Method arguments: </i><span class="arguments">"1234877441", "草莓三班"</span><br />
    
        

        <a href="javascript:toggleElement('exception-0', 'block')" title="Click to expand/collapse"><b>org.openqa.selenium.NoSuchElementException: no such element: Unable to locate element: {&quot;method&quot;:&quot;xpath&quot;,&quot;selector&quot;:&quot;//*[@id=&quot;stuCardDetail-datatable&quot;]/tbody/tr/td[2]&quot;}<br/>
&nbsp; (Session info: chrome=73.0.3683.103)<br/>
&nbsp; (Driver info: chromedriver=73.0.3683.68 (47787ec04b6e38e22703e856e101e840b65afe72),platform=Mac OS X 10.14.4 x86_64) (WARNING: The server did not provide any stacktrace information)<br/>
Command duration or timeout: 106 milliseconds<br/>
For documentation on this error, please visit: http://seleniumhq.org/exceptions/no_such_element.html<br/>
Build info: version: &apos;3.4.0&apos;, revision: &apos;unknown&apos;, time: &apos;unknown&apos;<br/>
System info: host: &apos;spacedeiMac-2.local&apos;, ip: &apos;10.10.10.32&apos;, os.name: &apos;Mac OS X&apos;, os.arch: &apos;x86_64&apos;, os.version: &apos;10.14.4&apos;, java.version: &apos;1.8.0_211&apos;<br/>
Driver info: org.openqa.selenium.chrome.ChromeDriver<br/>
Capabilities [{mobileEmulationEnabled=false, timeouts={implicit=0.0, pageLoad=300000.0, script=30000.0}, hasTouchScreen=false, platform=MAC, acceptSslCerts=false, goog:chromeOptions={debuggerAddress=localhost:64395}, acceptInsecureCerts=false, webStorageEnabled=true, browserName=chrome, takesScreenshot=true, javascriptEnabled=true, setWindowRect=true, unexpectedAlertBehaviour=ignore, applicationCacheEnabled=false, rotatable=false, networkConnectionEnabled=false, chrome={chromedriverVersion=73.0.3683.68 (47787ec04b6e38e22703e856e101e840b65afe72), userDataDir=/var/folders/x8/xwg6z06d2k90bg__vlp4lt2w0000gn/T/.com.google.Chrome.b4Oaq1}, takesHeapSnapshot=true, pageLoadStrategy=normal, strictFileInteractability=false, databaseEnabled=false, handlesAlerts=true, version=73.0.3683.103, browserConnectionEnabled=false, proxy=Proxy(), nativeEvents=true, locationContextEnabled=true, cssSelectorsEnabled=true}]<br/>
Session ID: 778fa15e39ae7e32f4863269eb9e3f6a<br/>
*** Element info: {Using=xpath, value=//*[@id=&quot;stuCardDetail-datatable&quot;]/tbody/tr/td[2]}</b></a><br />
    <div class="stackTrace" id="exception-0">
              sun.reflect.NativeConstructorAccessorImpl.newInstance0(Native Method)<br />
              sun.reflect.NativeConstructorAccessorImpl.newInstance(NativeConstructorAccessorImpl.java:62)<br />
              sun.reflect.DelegatingConstructorAccessorImpl.newInstance(DelegatingConstructorAccessorImpl.java:45)<br />
              java.lang.reflect.Constructor.newInstance(Constructor.java:423)<br />
              org.openqa.selenium.remote.ErrorHandler.createThrowable(ErrorHandler.java:215)<br />
              org.openqa.selenium.remote.ErrorHandler.throwIfResponseFailed(ErrorHandler.java:167)<br />
              org.openqa.selenium.remote.RemoteWebDriver.execute(RemoteWebDriver.java:671)<br />
              org.openqa.selenium.remote.RemoteWebDriver.findElement(RemoteWebDriver.java:410)<br />
              org.openqa.selenium.remote.RemoteWebDriver.findElementByXPath(RemoteWebDriver.java:509)<br />
              org.openqa.selenium.By$ByXPath.findElement(By.java:361)<br />
              org.openqa.selenium.remote.RemoteWebDriver.findElement(RemoteWebDriver.java:402)<br />
              com.selenium.base.DriverBase.findElement(DriverBase.java:54)<br />
              com.selenium.page.BasePage.element(BasePage.java:25)<br />
              com.selenium.page.CardPage.cardlistEle(CardPage.java:170)<br />
              com.selenium.page.CardPage.addedCardNo(CardPage.java:176)<br />
              com.selenium.bussiness.CardPro.delcard(CardPro.java:127)<br />
              com.selenium.testCase.CardStuTest.testDelCard(CardStuTest.java:75)<br />
              sun.reflect.NativeMethodAccessorImpl.invoke0(Native Method)<br />
              sun.reflect.NativeMethodAccessorImpl.invoke(NativeMethodAccessorImpl.java:62)<br />
              sun.reflect.DelegatingMethodAccessorImpl.invoke(DelegatingMethodAccessorImpl.java:43)<br />
              java.lang.reflect.Method.invoke(Method.java:498)<br />
              org.testng.internal.MethodInvocationHelper.invokeMethod(MethodInvocationHelper.java:104)<br />
              org.testng.internal.Invoker.invokeMethod(Invoker.java:645)<br />
              org.testng.internal.Invoker.invokeTestMethod(Invoker.java:851)<br />
              org.testng.internal.Invoker.invokeTestMethods(Invoker.java:1177)<br />
              org.testng.internal.TestMethodWorker.invokeTestMethods(TestMethodWorker.java:129)<br />
              org.testng.internal.TestMethodWorker.run(TestMethodWorker.java:112)<br />
              org.testng.TestRunner.privateRun(TestRunner.java:756)<br />
              org.testng.TestRunner.run(TestRunner.java:610)<br />
              org.testng.SuiteRunner.runTest(SuiteRunner.java:387)<br />
              org.testng.SuiteRunner.runSequentially(SuiteRunner.java:382)<br />
              org.testng.SuiteRunner.privateRun(SuiteRunner.java:340)<br />
              org.testng.SuiteRunner.run(SuiteRunner.java:289)<br />
              org.testng.SuiteRunnerWorker.runSuite(SuiteRunnerWorker.java:52)<br />
              org.testng.SuiteRunnerWorker.run(SuiteRunnerWorker.java:86)<br />
              org.testng.TestNG.runSuitesSequentially(TestNG.java:1293)<br />
              org.testng.TestNG.runSuitesLocally(TestNG.java:1218)<br />
              org.testng.TestNG.runSuites(TestNG.java:1133)<br />
              org.testng.TestNG.run(TestNG.java:1104)<br />
              org.apache.maven.surefire.testng.TestNGExecutor.run(TestNGExecutor.java:283)<br />
              org.apache.maven.surefire.testng.TestNGXmlTestSuite.execute(TestNGXmlTestSuite.java:75)<br />
              org.apache.maven.surefire.testng.TestNGProvider.invoke(TestNGProvider.java:120)<br />
              org.apache.maven.surefire.booter.ForkedBooter.invokeProviderInSameClassLoader(ForkedBooter.java:383)<br />
              org.apache.maven.surefire.booter.ForkedBooter.runSuitesInProcess(ForkedBooter.java:344)<br />
              org.apache.maven.surefire.booter.ForkedBooter.execute(ForkedBooter.java:125)<br />
              org.apache.maven.surefire.booter.ForkedBooter.main(ForkedBooter.java:417)<br />
                </div>
      </td>
</tr>
<tr>
  <td class="method">
                  testExport
      </td>
  <td class="duration">
    17.046s
  </td>
  <td class="result">
        
    
        

        <a href="javascript:toggleElement('exception-1', 'block')" title="Click to expand/collapse"><b>java.lang.AssertionError: expected [false] but found [true]</b></a><br />
    <div class="stackTrace" id="exception-1">
              org.testng.Assert.fail(Assert.java:94)<br />
              org.testng.Assert.failNotEquals(Assert.java:513)<br />
              org.testng.Assert.assertEqualsImpl(Assert.java:135)<br />
              org.testng.Assert.assertEquals(Assert.java:116)<br />
              org.testng.Assert.assertEquals(Assert.java:305)<br />
              org.testng.Assert.assertEquals(Assert.java:315)<br />
              com.selenium.testCase.CardStuTest.testExport(CardStuTest.java:61)<br />
              sun.reflect.NativeMethodAccessorImpl.invoke0(Native Method)<br />
              sun.reflect.NativeMethodAccessorImpl.invoke(NativeMethodAccessorImpl.java:62)<br />
              sun.reflect.DelegatingMethodAccessorImpl.invoke(DelegatingMethodAccessorImpl.java:43)<br />
              java.lang.reflect.Method.invoke(Method.java:498)<br />
              org.testng.internal.MethodInvocationHelper.invokeMethod(MethodInvocationHelper.java:104)<br />
              org.testng.internal.Invoker.invokeMethod(Invoker.java:645)<br />
              org.testng.internal.Invoker.invokeTestMethod(Invoker.java:851)<br />
              org.testng.internal.Invoker.invokeTestMethods(Invoker.java:1177)<br />
              org.testng.internal.TestMethodWorker.invokeTestMethods(TestMethodWorker.java:129)<br />
              org.testng.internal.TestMethodWorker.run(TestMethodWorker.java:112)<br />
              org.testng.TestRunner.privateRun(TestRunner.java:756)<br />
              org.testng.TestRunner.run(TestRunner.java:610)<br />
              org.testng.SuiteRunner.runTest(SuiteRunner.java:387)<br />
              org.testng.SuiteRunner.runSequentially(SuiteRunner.java:382)<br />
              org.testng.SuiteRunner.privateRun(SuiteRunner.java:340)<br />
              org.testng.SuiteRunner.run(SuiteRunner.java:289)<br />
              org.testng.SuiteRunnerWorker.runSuite(SuiteRunnerWorker.java:52)<br />
              org.testng.SuiteRunnerWorker.run(SuiteRunnerWorker.java:86)<br />
              org.testng.TestNG.runSuitesSequentially(TestNG.java:1293)<br />
              org.testng.TestNG.runSuitesLocally(TestNG.java:1218)<br />
              org.testng.TestNG.runSuites(TestNG.java:1133)<br />
              org.testng.TestNG.run(TestNG.java:1104)<br />
              org.apache.maven.surefire.testng.TestNGExecutor.run(TestNGExecutor.java:283)<br />
              org.apache.maven.surefire.testng.TestNGXmlTestSuite.execute(TestNGXmlTestSuite.java:75)<br />
              org.apache.maven.surefire.testng.TestNGProvider.invoke(TestNGProvider.java:120)<br />
              org.apache.maven.surefire.booter.ForkedBooter.invokeProviderInSameClassLoader(ForkedBooter.java:383)<br />
              org.apache.maven.surefire.booter.ForkedBooter.runSuitesInProcess(ForkedBooter.java:344)<br />
              org.apache.maven.surefire.booter.ForkedBooter.execute(ForkedBooter.java:125)<br />
              org.apache.maven.surefire.booter.ForkedBooter.main(ForkedBooter.java:417)<br />
                </div>
      </td>
</tr>
      </table>


  <table class="resultsTable">
    <tr><th colspan="3" class="header passed">Passed Tests</th></tr>
          <tr>
        <td colspan="3" class="group">com.selenium.testCase.CardStuTest</td>
      </tr>
            
<tr>
  <td class="method">
                  testAddCard
      </td>
  <td class="duration">
    3.605s
  </td>
  <td class="result">
        
          <i>Method arguments: </i><span class="arguments">"1234877441", "草莓三班"</span><br />
    
        

      </td>
</tr>
          <tr>
        <td colspan="3" class="group">com.selenium.testCase.CardTeacherTest</td>
      </tr>
            
<tr>
  <td class="method">
                  addCard
      </td>
  <td class="duration">
    8.329s
  </td>
  <td class="result">
        
          <i>Method arguments: </i><span class="arguments">"6", "2544845628"</span><br />
    
        

      </td>
</tr>
<tr>
  <td class="method">
                  addCard
      </td>
  <td class="duration">
    8.296s
  </td>
  <td class="result">
        
          <i>Method arguments: </i><span class="arguments">"4", "2544845626"</span><br />
    
        

      </td>
</tr>
<tr>
  <td class="method">
                  addCard
      </td>
  <td class="duration">
    8.299s
  </td>
  <td class="result">
        
          <i>Method arguments: </i><span class="arguments">"3", "2544845625"</span><br />
    
        

      </td>
</tr>
<tr>
  <td class="method">
                  addCard
      </td>
  <td class="duration">
    8.332s
  </td>
  <td class="result">
        
          <i>Method arguments: </i><span class="arguments">"5", "2544845627"</span><br />
    
        

      </td>
</tr>
<tr>
  <td class="method">
                  addCard
      </td>
  <td class="duration">
    8.394s
  </td>
  <td class="result">
        
          <i>Method arguments: </i><span class="arguments">"1", "2544845623"</span><br />
    
        

      </td>
</tr>
<tr>
  <td class="method">
                  addCard
      </td>
  <td class="duration">
    8.339s
  </td>
  <td class="result">
        
          <i>Method arguments: </i><span class="arguments">"2", "2544845624"</span><br />
    
        

      </td>
</tr>
<tr>
  <td class="method">
                  addCard
      </td>
  <td class="duration">
    8.324s
  </td>
  <td class="result">
        
          <i>Method arguments: </i><span class="arguments">"7", "2544845629"</span><br />
    
        

      </td>
</tr>
<tr>
  <td class="method">
                  delCard
      </td>
  <td class="duration">
    2.167s
  </td>
  <td class="result">
        
          <i>Method arguments: </i><span class="arguments">"3", "2544845625"</span><br />
    
        

      </td>
</tr>
<tr>
  <td class="method">
                  delCard
      </td>
  <td class="duration">
    2.163s
  </td>
  <td class="result">
        
          <i>Method arguments: </i><span class="arguments">"1", "2544845623"</span><br />
    
        

      </td>
</tr>
<tr>
  <td class="method">
                  delCard
      </td>
  <td class="duration">
    2.171s
  </td>
  <td class="result">
        
          <i>Method arguments: </i><span class="arguments">"2", "2544845624"</span><br />
    
        

      </td>
</tr>
<tr>
  <td class="method">
                  delCard
      </td>
  <td class="duration">
    2.170s
  </td>
  <td class="result">
        
          <i>Method arguments: </i><span class="arguments">"4", "2544845626"</span><br />
    
        

      </td>
</tr>
<tr>
  <td class="method">
                  delCard
      </td>
  <td class="duration">
    2.173s
  </td>
  <td class="result">
        
          <i>Method arguments: </i><span class="arguments">"7", "2544845629"</span><br />
    
        

      </td>
</tr>
<tr>
  <td class="method">
                  delCard
      </td>
  <td class="duration">
    2.161s
  </td>
  <td class="result">
        
          <i>Method arguments: </i><span class="arguments">"5", "2544845627"</span><br />
    
        

      </td>
</tr>
<tr>
  <td class="method">
                  delCard
      </td>
  <td class="duration">
    2.164s
  </td>
  <td class="result">
        
          <i>Method arguments: </i><span class="arguments">"6", "2544845628"</span><br />
    
        

      </td>
</tr>
          <tr>
        <td colspan="3" class="group">com.selenium.testCase.LoginTest</td>
      </tr>
            
<tr>
  <td class="method">
                  login
      </td>
  <td class="duration">
    9.674s
  </td>
  <td class="result">
        
          <i>Method arguments: </i><span class="arguments">"ghzdhcsxxadmin", "102684s", "光海自动化测试学校管理员"</span><br />
    
        

      </td>
</tr>
      </table>
  
</body>
</html>
