<!DOCTYPE html PUBLIC "-//W3C//DTD XHTML 1.1//EN" "http://www.w3.org/TR/xhtml11/DTD/xhtml11.dtd">
<html xmlns="http://www.w3.org/1999/xhtml"><head><title>TestNG Report</title><style type="text/css">table {margin-bottom:10px;border-collapse:collapse;empty-cells:show}th,td {border:1px solid #009;padding:.25em .5em}th {vertical-align:bottom}td {vertical-align:top}table a {font-weight:bold}.stripe td {background-color: #E6EBF9}.num {text-align:right}.passedodd td {background-color: #3F3}.passedeven td {background-color: #0A0}.skippedodd td {background-color: #DDD}.skippedeven td {background-color: #CCC}.failedodd td,.attn {background-color: #F33}.failedeven td,.stripe .attn {background-color: #D00}.stacktrace {white-space:pre;font-family:monospace}.totop {font-size:85%;text-align:center;border-bottom:2px solid #000}</style></head><body><table><tr><th>Test</th><th># Passed</th><th># Skipped</th><th># Failed</th><th>Time (ms)</th><th>Included Groups</th><th>Excluded Groups</th></tr><tr><th colspan="7">Suite</th></tr><tr><td><a href="#t0">NewTest1</a></td><td class="num">16</td><td class="num">0</td><td class="num attn">2</td><td class="num">115,843</td><td></td><td></td></tr></table><table><thead><tr><th>Class</th><th>Method</th><th>Start</th><th>Time (ms)</th></tr></thead><tbody><tr><th colspan="4">Suite</th></tr></tbody><tbody id="t0"><tr><th colspan="4">NewTest1 &#8212; failed</th></tr><tr class="failedeven"><td rowspan="2">com.selenium.testCase.CardStuTest</td><td><a href="#m0">testDelCard</a></td><td rowspan="1">1556536789398</td><td rowspan="1">3436</td></tr><tr class="failedeven"><td><a href="#m1">testExport</a></td><td rowspan="1">1556536792840</td><td rowspan="1">17046</td></tr><tr><th colspan="4">NewTest1 &#8212; passed</th></tr><tr class="passedeven"><td rowspan="1">com.selenium.testCase.CardStuTest</td><td><a href="#m2">testAddCard</a></td><td rowspan="1">1556536785792</td><td rowspan="1">3605</td></tr><tr class="passedodd"><td rowspan="14">com.selenium.testCase.CardTeacherTest</td><td><a href="#m3">addCard</a></td><td rowspan="7">1556536864620</td><td rowspan="7">8324</td></tr><tr class="passedodd"><td><a href="#m4">addCard</a></td></tr><tr class="passedodd"><td><a href="#m5">addCard</a></td></tr><tr class="passedodd"><td><a href="#m6">addCard</a></td></tr><tr class="passedodd"><td><a href="#m7">addCard</a></td></tr><tr class="passedodd"><td><a href="#m8">addCard</a></td></tr><tr class="passedodd"><td><a href="#m9">addCard</a></td></tr><tr class="passedodd"><td><a href="#m10">delCard</a></td><td rowspan="7">1556536883782</td><td rowspan="7">2164</td></tr><tr class="passedodd"><td><a href="#m11">delCard</a></td></tr><tr class="passedodd"><td><a href="#m12">delCard</a></td></tr><tr class="passedodd"><td><a href="#m13">delCard</a></td></tr><tr class="passedodd"><td><a href="#m14">delCard</a></td></tr><tr class="passedodd"><td><a href="#m15">delCard</a></td></tr><tr class="passedodd"><td><a href="#m16">delCard</a></td></tr><tr class="passedeven"><td rowspan="1">com.selenium.testCase.LoginTest</td><td><a href="#m17">login</a></td><td rowspan="1">1556536773584</td><td rowspan="1">9674</td></tr></tbody></table><h2>NewTest1</h2><h3 id="m0">com.selenium.testCase.CardStuTest#testDelCard</h3><table class="result"><tr class="param"><th>Parameter #1</th><th>Parameter #2</th></tr><tr class="param stripe"><td>1234877441</td><td>草莓三班</td></tr><tr><th colspan="2">Exception</th></tr><tr><td colspan="2"><div class="stacktrace">org.openqa.selenium.NoSuchElementException: no such element: Unable to locate element: {&quot;method&quot;:&quot;xpath&quot;,&quot;selector&quot;:&quot;//*[@id=&quot;stuCardDetail-datatable&quot;]/tbody/tr/td[2]&quot;}
  (Session info: chrome=73.0.3683.103)
  (Driver info: chromedriver=73.0.3683.68 (47787ec04b6e38e22703e856e101e840b65afe72),platform=Mac OS X 10.14.4 x86_64) (WARNING: The server did not provide any stacktrace information)
Command duration or timeout: 106 milliseconds
For documentation on this error, please visit: http://seleniumhq.org/exceptions/no_such_element.html
Build info: version: &apos;3.4.0&apos;, revision: &apos;unknown&apos;, time: &apos;unknown&apos;
System info: host: &apos;spacedeiMac-2.local&apos;, ip: &apos;10.10.10.32&apos;, os.name: &apos;Mac OS X&apos;, os.arch: &apos;x86_64&apos;, os.version: &apos;10.14.4&apos;, java.version: &apos;1.8.0_211&apos;
Driver info: org.openqa.selenium.chrome.ChromeDriver
Capabilities [{mobileEmulationEnabled=false, timeouts={implicit=0.0, pageLoad=300000.0, script=30000.0}, hasTouchScreen=false, platform=MAC, acceptSslCerts=false, goog:chromeOptions={debuggerAddress=localhost:64395}, acceptInsecureCerts=false, webStorageEnabled=true, browserName=chrome, takesScreenshot=true, javascriptEnabled=true, setWindowRect=true, unexpectedAlertBehaviour=ignore, applicationCacheEnabled=false, rotatable=false, networkConnectionEnabled=false, chrome={chromedriverVersion=73.0.3683.68 (47787ec04b6e38e22703e856e101e840b65afe72), userDataDir=/var/folders/x8/xwg6z06d2k90bg__vlp4lt2w0000gn/T/.com.google.Chrome.b4Oaq1}, takesHeapSnapshot=true, pageLoadStrategy=normal, strictFileInteractability=false, databaseEnabled=false, handlesAlerts=true, version=73.0.3683.103, browserConnectionEnabled=false, proxy=Proxy(), nativeEvents=true, locationContextEnabled=true, cssSelectorsEnabled=true}]
Session ID: 778fa15e39ae7e32f4863269eb9e3f6a
*** Element info: {Using=xpath, value=//*[@id=&quot;stuCardDetail-datatable&quot;]/tbody/tr/td[2]}
	at org.openqa.selenium.remote.ErrorHandler.createThrowable(ErrorHandler.java:215)
	at org.openqa.selenium.remote.ErrorHandler.throwIfResponseFailed(ErrorHandler.java:167)
	at org.openqa.selenium.remote.RemoteWebDriver.execute(RemoteWebDriver.java:671)
	at org.openqa.selenium.remote.RemoteWebDriver.findElement(RemoteWebDriver.java:410)
	at org.openqa.selenium.remote.RemoteWebDriver.findElementByXPath(RemoteWebDriver.java:509)
	at org.openqa.selenium.By$ByXPath.findElement(By.java:361)
	at org.openqa.selenium.remote.RemoteWebDriver.findElement(RemoteWebDriver.java:402)
	at com.selenium.base.DriverBase.findElement(DriverBase.java:54)
	at com.selenium.page.BasePage.element(BasePage.java:25)
	at com.selenium.page.CardPage.cardlistEle(CardPage.java:170)
	at com.selenium.page.CardPage.addedCardNo(CardPage.java:176)
	at com.selenium.bussiness.CardPro.delcard(CardPro.java:127)
	at com.selenium.testCase.CardStuTest.testDelCard(CardStuTest.java:75)
... Removed 33 stack frames</div></td></tr></table><p class="totop"><a href="#summary">back to summary</a></p><h3 id="m1">com.selenium.testCase.CardStuTest#testExport</h3><table class="result"><tr><th>Exception</th></tr><tr><td><div class="stacktrace">java.lang.AssertionError: expected [false] but found [true]
	at com.selenium.testCase.CardStuTest.testExport(CardStuTest.java:61)
... Removed 35 stack frames</div></td></tr></table><p class="totop"><a href="#summary">back to summary</a></p><h3 id="m2">com.selenium.testCase.CardStuTest#testAddCard</h3><table class="result"><tr class="param"><th>Parameter #1</th><th>Parameter #2</th></tr><tr class="param stripe"><td>1234877441</td><td>草莓三班</td></tr></table><p class="totop"><a href="#summary">back to summary</a></p><h3 id="m3">com.selenium.testCase.CardTeacherTest#addCard</h3><table class="result"><tr class="param"><th>Parameter #1</th><th>Parameter #2</th></tr><tr class="param stripe"><td>7</td><td>2544845629</td></tr></table><p class="totop"><a href="#summary">back to summary</a></p><h3 id="m4">com.selenium.testCase.CardTeacherTest#addCard</h3><table class="result"><tr class="param"><th>Parameter #1</th><th>Parameter #2</th></tr><tr class="param stripe"><td>6</td><td>2544845628</td></tr></table><p class="totop"><a href="#summary">back to summary</a></p><h3 id="m5">com.selenium.testCase.CardTeacherTest#addCard</h3><table class="result"><tr class="param"><th>Parameter #1</th><th>Parameter #2</th></tr><tr class="param stripe"><td>2</td><td>2544845624</td></tr></table><p class="totop"><a href="#summary">back to summary</a></p><h3 id="m6">com.selenium.testCase.CardTeacherTest#addCard</h3><table class="result"><tr class="param"><th>Parameter #1</th><th>Parameter #2</th></tr><tr class="param stripe"><td>4</td><td>2544845626</td></tr></table><p class="totop"><a href="#summary">back to summary</a></p><h3 id="m7">com.selenium.testCase.CardTeacherTest#addCard</h3><table class="result"><tr class="param"><th>Parameter #1</th><th>Parameter #2</th></tr><tr class="param stripe"><td>1</td><td>2544845623</td></tr></table><p class="totop"><a href="#summary">back to summary</a></p><h3 id="m8">com.selenium.testCase.CardTeacherTest#addCard</h3><table class="result"><tr class="param"><th>Parameter #1</th><th>Parameter #2</th></tr><tr class="param stripe"><td>5</td><td>2544845627</td></tr></table><p class="totop"><a href="#summary">back to summary</a></p><h3 id="m9">com.selenium.testCase.CardTeacherTest#addCard</h3><table class="result"><tr class="param"><th>Parameter #1</th><th>Parameter #2</th></tr><tr class="param stripe"><td>3</td><td>2544845625</td></tr></table><p class="totop"><a href="#summary">back to summary</a></p><h3 id="m10">com.selenium.testCase.CardTeacherTest#delCard</h3><table class="result"><tr class="param"><th>Parameter #1</th><th>Parameter #2</th></tr><tr class="param stripe"><td>6</td><td>2544845628</td></tr></table><p class="totop"><a href="#summary">back to summary</a></p><h3 id="m11">com.selenium.testCase.CardTeacherTest#delCard</h3><table class="result"><tr class="param"><th>Parameter #1</th><th>Parameter #2</th></tr><tr class="param stripe"><td>5</td><td>2544845627</td></tr></table><p class="totop"><a href="#summary">back to summary</a></p><h3 id="m12">com.selenium.testCase.CardTeacherTest#delCard</h3><table class="result"><tr class="param"><th>Parameter #1</th><th>Parameter #2</th></tr><tr class="param stripe"><td>7</td><td>2544845629</td></tr></table><p class="totop"><a href="#summary">back to summary</a></p><h3 id="m13">com.selenium.testCase.CardTeacherTest#delCard</h3><table class="result"><tr class="param"><th>Parameter #1</th><th>Parameter #2</th></tr><tr class="param stripe"><td>4</td><td>2544845626</td></tr></table><p class="totop"><a href="#summary">back to summary</a></p><h3 id="m14">com.selenium.testCase.CardTeacherTest#delCard</h3><table class="result"><tr class="param"><th>Parameter #1</th><th>Parameter #2</th></tr><tr class="param stripe"><td>3</td><td>2544845625</td></tr></table><p class="totop"><a href="#summary">back to summary</a></p><h3 id="m15">com.selenium.testCase.CardTeacherTest#delCard</h3><table class="result"><tr class="param"><th>Parameter #1</th><th>Parameter #2</th></tr><tr class="param stripe"><td>2</td><td>2544845624</td></tr></table><p class="totop"><a href="#summary">back to summary</a></p><h3 id="m16">com.selenium.testCase.CardTeacherTest#delCard</h3><table class="result"><tr class="param"><th>Parameter #1</th><th>Parameter #2</th></tr><tr class="param stripe"><td>1</td><td>2544845623</td></tr></table><p class="totop"><a href="#summary">back to summary</a></p><h3 id="m17">com.selenium.testCase.LoginTest#login</h3><table class="result"><tr class="param"><th>Parameter #1</th><th>Parameter #2</th><th>Parameter #3</th></tr><tr class="param stripe"><td>ghzdhcsxxadmin</td><td>102684s</td><td>光海自动化测试学校管理员</td></tr></table><p class="totop"><a href="#summary">back to summary</a></p></body></html>