<?xml version="1.0" encoding="UTF-8"?>
<testng-results skipped="0" failed="2" ignored="0" total="18" passed="16">
  <reporter-output>
  </reporter-output>
  <suite name="Suite" duration-ms="115843" started-at="2019-04-29T11:19:32Z" finished-at="2019-04-29T11:21:28Z">
    <groups>
    </groups>
    <test name="NewTest1" duration-ms="115843" started-at="2019-04-29T11:19:32Z" finished-at="2019-04-29T11:21:28Z">
      <class name="com.selenium.testCase.CardTeacherTest">
        <test-method status="PASS" signature="BeforeClass()[pri:0, instance:com.selenium.testCase.CardTeacherTest@7fad8c79]" name="BeforeClass" is-config="true" duration-ms="4649" started-at="2019-04-29T19:20:09Z" finished-at="2019-04-29T19:20:14Z">
          <reporter-output>
          </reporter-output>
        </test-method> <!-- BeforeClass -->
        <test-method status="PASS" signature="addCard(java.lang.String, java.lang.String)[pri:0, instance:com.selenium.testCase.CardTeacherTest@7fad8c79]" name="addCard" duration-ms="8394" started-at="2019-04-29T19:20:14Z" data-provider="cardno" finished-at="2019-04-29T19:20:23Z">
          <params>
            <param index="0">
              <value>
                <![CDATA[1]]>
              </value>
            </param>
            <param index="1">
              <value>
                <![CDATA[2544845623]]>
              </value>
            </param>
          </params>
          <reporter-output>
          </reporter-output>
        </test-method> <!-- addCard -->
        <test-method status="PASS" signature="addCard(java.lang.String, java.lang.String)[pri:0, instance:com.selenium.testCase.CardTeacherTest@7fad8c79]" name="addCard" duration-ms="8339" started-at="2019-04-29T19:20:23Z" data-provider="cardno" finished-at="2019-04-29T19:20:31Z">
          <params>
            <param index="0">
              <value>
                <![CDATA[2]]>
              </value>
            </param>
            <param index="1">
              <value>
                <![CDATA[2544845624]]>
              </value>
            </param>
          </params>
          <reporter-output>
          </reporter-output>
        </test-method> <!-- addCard -->
        <test-method status="PASS" signature="addCard(java.lang.String, java.lang.String)[pri:0, instance:com.selenium.testCase.CardTeacherTest@7fad8c79]" name="addCard" duration-ms="8299" started-at="2019-04-29T19:20:31Z" data-provider="cardno" finished-at="2019-04-29T19:20:39Z">
          <params>
            <param index="0">
              <value>
                <![CDATA[3]]>
              </value>
            </param>
            <param index="1">
              <value>
                <![CDATA[2544845625]]>
              </value>
            </param>
          </params>
          <reporter-output>
          </reporter-output>
        </test-method> <!-- addCard -->
        <test-method status="PASS" signature="addCard(java.lang.String, java.lang.String)[pri:0, instance:com.selenium.testCase.CardTeacherTest@7fad8c79]" name="addCard" duration-ms="8296" started-at="2019-04-29T19:20:39Z" data-provider="cardno" finished-at="2019-04-29T19:20:47Z">
          <params>
            <param index="0">
              <value>
                <![CDATA[4]]>
              </value>
            </param>
            <param index="1">
              <value>
                <![CDATA[2544845626]]>
              </value>
            </param>
          </params>
          <reporter-output>
          </reporter-output>
        </test-method> <!-- addCard -->
        <test-method status="PASS" signature="addCard(java.lang.String, java.lang.String)[pri:0, instance:com.selenium.testCase.CardTeacherTest@7fad8c79]" name="addCard" duration-ms="8332" started-at="2019-04-29T19:20:47Z" data-provider="cardno" finished-at="2019-04-29T19:20:56Z">
          <params>
            <param index="0">
              <value>
                <![CDATA[5]]>
              </value>
            </param>
            <param index="1">
              <value>
                <![CDATA[2544845627]]>
              </value>
            </param>
          </params>
          <reporter-output>
          </reporter-output>
        </test-method> <!-- addCard -->
        <test-method status="PASS" signature="addCard(java.lang.String, java.lang.String)[pri:0, instance:com.selenium.testCase.CardTeacherTest@7fad8c79]" name="addCard" duration-ms="8329" started-at="2019-04-29T19:20:56Z" data-provider="cardno" finished-at="2019-04-29T19:21:04Z">
          <params>
            <param index="0">
              <value>
                <![CDATA[6]]>
              </value>
            </param>
            <param index="1">
              <value>
                <![CDATA[2544845628]]>
              </value>
            </param>
          </params>
          <reporter-output>
          </reporter-output>
        </test-method> <!-- addCard -->
        <test-method status="PASS" signature="addCard(java.lang.String, java.lang.String)[pri:0, instance:com.selenium.testCase.CardTeacherTest@7fad8c79]" name="addCard" duration-ms="8324" started-at="2019-04-29T19:21:04Z" data-provider="cardno" finished-at="2019-04-29T19:21:12Z">
          <params>
            <param index="0">
              <value>
                <![CDATA[7]]>
              </value>
            </param>
            <param index="1">
              <value>
                <![CDATA[2544845629]]>
              </value>
            </param>
          </params>
          <reporter-output>
          </reporter-output>
        </test-method> <!-- addCard -->
        <test-method status="PASS" signature="delCard(java.lang.String, java.lang.String)[pri:0, instance:com.selenium.testCase.CardTeacherTest@7fad8c79]" name="delCard" duration-ms="2163" started-at="2019-04-29T19:21:12Z" data-provider="cardno" depends-on-methods="com.selenium.testCase.CardTeacherTest.addCard" finished-at="2019-04-29T19:21:15Z">
          <params>
            <param index="0">
              <value>
                <![CDATA[1]]>
              </value>
            </param>
            <param index="1">
              <value>
                <![CDATA[2544845623]]>
              </value>
            </param>
          </params>
          <reporter-output>
          </reporter-output>
        </test-method> <!-- delCard -->
        <test-method status="PASS" signature="delCard(java.lang.String, java.lang.String)[pri:0, instance:com.selenium.testCase.CardTeacherTest@7fad8c79]" name="delCard" duration-ms="2171" started-at="2019-04-29T19:21:15Z" data-provider="cardno" depends-on-methods="com.selenium.testCase.CardTeacherTest.addCard" finished-at="2019-04-29T19:21:17Z">
          <params>
            <param index="0">
              <value>
                <![CDATA[2]]>
              </value>
            </param>
            <param index="1">
              <value>
                <![CDATA[2544845624]]>
              </value>
            </param>
          </params>
          <reporter-output>
          </reporter-output>
        </test-method> <!-- delCard -->
        <test-method status="PASS" signature="delCard(java.lang.String, java.lang.String)[pri:0, instance:com.selenium.testCase.CardTeacherTest@7fad8c79]" name="delCard" duration-ms="2167" started-at="2019-04-29T19:21:17Z" data-provider="cardno" depends-on-methods="com.selenium.testCase.CardTeacherTest.addCard" finished-at="2019-04-29T19:21:19Z">
          <params>
            <param index="0">
              <value>
                <![CDATA[3]]>
              </value>
            </param>
            <param index="1">
              <value>
                <![CDATA[2544845625]]>
              </value>
            </param>
          </params>
          <reporter-output>
          </reporter-output>
        </test-method> <!-- delCard -->
        <test-method status="PASS" signature="delCard(java.lang.String, java.lang.String)[pri:0, instance:com.selenium.testCase.CardTeacherTest@7fad8c79]" name="delCard" duration-ms="2170" started-at="2019-04-29T19:21:19Z" data-provider="cardno" depends-on-methods="com.selenium.testCase.CardTeacherTest.addCard" finished-at="2019-04-29T19:21:21Z">
          <params>
            <param index="0">
              <value>
                <![CDATA[4]]>
              </value>
            </param>
            <param index="1">
              <value>
                <![CDATA[2544845626]]>
              </value>
            </param>
          </params>
          <reporter-output>
          </reporter-output>
        </test-method> <!-- delCard -->
        <test-method status="PASS" signature="delCard(java.lang.String, java.lang.String)[pri:0, instance:com.selenium.testCase.CardTeacherTest@7fad8c79]" name="delCard" duration-ms="2161" started-at="2019-04-29T19:21:21Z" data-provider="cardno" depends-on-methods="com.selenium.testCase.CardTeacherTest.addCard" finished-at="2019-04-29T19:21:23Z">
          <params>
            <param index="0">
              <value>
                <![CDATA[5]]>
              </value>
            </param>
            <param index="1">
              <value>
                <![CDATA[2544845627]]>
              </value>
            </param>
          </params>
          <reporter-output>
          </reporter-output>
        </test-method> <!-- delCard -->
        <test-method status="PASS" signature="delCard(java.lang.String, java.lang.String)[pri:0, instance:com.selenium.testCase.CardTeacherTest@7fad8c79]" name="delCard" duration-ms="2164" started-at="2019-04-29T19:21:23Z" data-provider="cardno" depends-on-methods="com.selenium.testCase.CardTeacherTest.addCard" finished-at="2019-04-29T19:21:25Z">
          <params>
            <param index="0">
              <value>
                <![CDATA[6]]>
              </value>
            </param>
            <param index="1">
              <value>
                <![CDATA[2544845628]]>
              </value>
            </param>
          </params>
          <reporter-output>
          </reporter-output>
        </test-method> <!-- delCard -->
        <test-method status="PASS" signature="delCard(java.lang.String, java.lang.String)[pri:0, instance:com.selenium.testCase.CardTeacherTest@7fad8c79]" name="delCard" duration-ms="2173" started-at="2019-04-29T19:21:25Z" data-provider="cardno" depends-on-methods="com.selenium.testCase.CardTeacherTest.addCard" finished-at="2019-04-29T19:21:28Z">
          <params>
            <param index="0">
              <value>
                <![CDATA[7]]>
              </value>
            </param>
            <param index="1">
              <value>
                <![CDATA[2544845629]]>
              </value>
            </param>
          </params>
          <reporter-output>
          </reporter-output>
        </test-method> <!-- delCard -->
        <test-method status="PASS" signature="AfterClass()[pri:0, instance:com.selenium.testCase.CardTeacherTest@7fad8c79]" name="AfterClass" is-config="true" duration-ms="89" started-at="2019-04-29T19:21:28Z" finished-at="2019-04-29T19:21:28Z">
          <reporter-output>
          </reporter-output>
        </test-method> <!-- AfterClass -->
      </class> <!-- com.selenium.testCase.CardTeacherTest -->
      <class name="com.selenium.testCase.LoginTest">
        <test-method status="PASS" signature="BeforeClass()[pri:0, instance:com.selenium.testCase.LoginTest@4148db48]" name="BeforeClass" is-config="true" duration-ms="1063" started-at="2019-04-29T19:19:32Z" finished-at="2019-04-29T19:19:33Z">
          <reporter-output>
          </reporter-output>
        </test-method> <!-- BeforeClass -->
        <test-method status="PASS" signature="login(java.lang.String, java.lang.String, java.lang.String)[pri:0, instance:com.selenium.testCase.LoginTest@4148db48]" name="login" duration-ms="9674" started-at="2019-04-29T19:19:33Z" data-provider="logindata" finished-at="2019-04-29T19:19:43Z">
          <params>
            <param index="0">
              <value>
                <![CDATA[ghzdhcsxxadmin]]>
              </value>
            </param>
            <param index="1">
              <value>
                <![CDATA[102684s]]>
              </value>
            </param>
            <param index="2">
              <value>
                <![CDATA[光海自动化测试学校管理员]]>
              </value>
            </param>
          </params>
          <reporter-output>
          </reporter-output>
        </test-method> <!-- login -->
        <test-method status="PASS" signature="AfterTest()[pri:0, instance:com.selenium.testCase.LoginTest@4148db48]" name="AfterTest" is-config="true" duration-ms="89" started-at="2019-04-29T19:19:43Z" finished-at="2019-04-29T19:19:43Z">
          <reporter-output>
          </reporter-output>
        </test-method> <!-- AfterTest -->
      </class> <!-- com.selenium.testCase.LoginTest -->
      <class name="com.selenium.testCase.CardStuTest">
        <test-method status="PASS" signature="beforeClass()[pri:0, instance:com.selenium.testCase.CardStuTest@282003e1]" name="beforeClass" is-config="true" duration-ms="2443" started-at="2019-04-29T19:19:43Z" finished-at="2019-04-29T19:19:45Z">
          <reporter-output>
          </reporter-output>
        </test-method> <!-- beforeClass -->
        <test-method status="PASS" signature="testAddCard(java.lang.String, java.lang.String)[pri:0, instance:com.selenium.testCase.CardStuTest@282003e1]" name="testAddCard" duration-ms="3605" started-at="2019-04-29T19:19:45Z" data-provider="data1" finished-at="2019-04-29T19:19:49Z">
          <params>
            <param index="0">
              <value>
                <![CDATA[1234877441]]>
              </value>
            </param>
            <param index="1">
              <value>
                <![CDATA[草莓三班]]>
              </value>
            </param>
          </params>
          <reporter-output>
          </reporter-output>
        </test-method> <!-- testAddCard -->
        <test-method status="FAIL" signature="testDelCard(java.lang.String, java.lang.String)[pri:0, instance:com.selenium.testCase.CardStuTest@282003e1]" name="testDelCard" duration-ms="3436" started-at="2019-04-29T19:19:49Z" data-provider="data1" finished-at="2019-04-29T19:19:52Z">
          <params>
            <param index="0">
              <value>
                <![CDATA[1234877441]]>
              </value>
            </param>
            <param index="1">
              <value>
                <![CDATA[草莓三班]]>
              </value>
            </param>
          </params>
          <exception class="org.openqa.selenium.NoSuchElementException">
            <message>
              <![CDATA[no such element: Unable to locate element: {"method":"xpath","selector":"//*[@id="stuCardDetail-datatable"]/tbody/tr/td[2]"}
  (Session info: chrome=73.0.3683.103)
  (Driver info: chromedriver=73.0.3683.68 (47787ec04b6e38e22703e856e101e840b65afe72),platform=Mac OS X 10.14.4 x86_64) (WARNING: The server did not provide any stacktrace information)
Command duration or timeout: 106 milliseconds
For documentation on this error, please visit: http://seleniumhq.org/exceptions/no_such_element.html
Build info: version: '3.4.0', revision: 'unknown', time: 'unknown'
System info: host: 'spacedeiMac-2.local', ip: '10.10.10.32', os.name: 'Mac OS X', os.arch: 'x86_64', os.version: '10.14.4', java.version: '1.8.0_211'
Driver info: org.openqa.selenium.chrome.ChromeDriver
Capabilities [{mobileEmulationEnabled=false, timeouts={implicit=0.0, pageLoad=300000.0, script=30000.0}, hasTouchScreen=false, platform=MAC, acceptSslCerts=false, goog:chromeOptions={debuggerAddress=localhost:64395}, acceptInsecureCerts=false, webStorageEnabled=true, browserName=chrome, takesScreenshot=true, javascriptEnabled=true, setWindowRect=true, unexpectedAlertBehaviour=ignore, applicationCacheEnabled=false, rotatable=false, networkConnectionEnabled=false, chrome={chromedriverVersion=73.0.3683.68 (47787ec04b6e38e22703e856e101e840b65afe72), userDataDir=/var/folders/x8/xwg6z06d2k90bg__vlp4lt2w0000gn/T/.com.google.Chrome.b4Oaq1}, takesHeapSnapshot=true, pageLoadStrategy=normal, strictFileInteractability=false, databaseEnabled=false, handlesAlerts=true, version=73.0.3683.103, browserConnectionEnabled=false, proxy=Proxy(), nativeEvents=true, locationContextEnabled=true, cssSelectorsEnabled=true}]
Session ID: 778fa15e39ae7e32f4863269eb9e3f6a
*** Element info: {Using=xpath, value=//*[@id="stuCardDetail-datatable"]/tbody/tr/td[2]}]]>
            </message>
            <full-stacktrace>
              <![CDATA[org.openqa.selenium.NoSuchElementException: no such element: Unable to locate element: {"method":"xpath","selector":"//*[@id="stuCardDetail-datatable"]/tbody/tr/td[2]"}
  (Session info: chrome=73.0.3683.103)
  (Driver info: chromedriver=73.0.3683.68 (47787ec04b6e38e22703e856e101e840b65afe72),platform=Mac OS X 10.14.4 x86_64) (WARNING: The server did not provide any stacktrace information)
Command duration or timeout: 106 milliseconds
For documentation on this error, please visit: http://seleniumhq.org/exceptions/no_such_element.html
Build info: version: '3.4.0', revision: 'unknown', time: 'unknown'
System info: host: 'spacedeiMac-2.local', ip: '10.10.10.32', os.name: 'Mac OS X', os.arch: 'x86_64', os.version: '10.14.4', java.version: '1.8.0_211'
Driver info: org.openqa.selenium.chrome.ChromeDriver
Capabilities [{mobileEmulationEnabled=false, timeouts={implicit=0.0, pageLoad=300000.0, script=30000.0}, hasTouchScreen=false, platform=MAC, acceptSslCerts=false, goog:chromeOptions={debuggerAddress=localhost:64395}, acceptInsecureCerts=false, webStorageEnabled=true, browserName=chrome, takesScreenshot=true, javascriptEnabled=true, setWindowRect=true, unexpectedAlertBehaviour=ignore, applicationCacheEnabled=false, rotatable=false, networkConnectionEnabled=false, chrome={chromedriverVersion=73.0.3683.68 (47787ec04b6e38e22703e856e101e840b65afe72), userDataDir=/var/folders/x8/xwg6z06d2k90bg__vlp4lt2w0000gn/T/.com.google.Chrome.b4Oaq1}, takesHeapSnapshot=true, pageLoadStrategy=normal, strictFileInteractability=false, databaseEnabled=false, handlesAlerts=true, version=73.0.3683.103, browserConnectionEnabled=false, proxy=Proxy(), nativeEvents=true, locationContextEnabled=true, cssSelectorsEnabled=true}]
Session ID: 778fa15e39ae7e32f4863269eb9e3f6a
*** Element info: {Using=xpath, value=//*[@id="stuCardDetail-datatable"]/tbody/tr/td[2]}
	at sun.reflect.NativeConstructorAccessorImpl.newInstance0(Native Method)
	at sun.reflect.NativeConstructorAccessorImpl.newInstance(NativeConstructorAccessorImpl.java:62)
	at sun.reflect.DelegatingConstructorAccessorImpl.newInstance(DelegatingConstructorAccessorImpl.java:45)
	at java.lang.reflect.Constructor.newInstance(Constructor.java:423)
	at org.openqa.selenium.remote.ErrorHandler.createThrowable(ErrorHandler.java:215)
	at org.openqa.selenium.remote.ErrorHandler.throwIfResponseFailed(ErrorHandler.java:167)
	at org.openqa.selenium.remote.RemoteWebDriver.execute(RemoteWebDriver.java:671)
	at org.openqa.selenium.remote.RemoteWebDriver.findElement(RemoteWebDriver.java:410)
	at org.openqa.selenium.remote.RemoteWebDriver.findElementByXPath(RemoteWebDriver.java:509)
	at org.openqa.selenium.By$ByXPath.findElement(By.java:361)
	at org.openqa.selenium.remote.RemoteWebDriver.findElement(RemoteWebDriver.java:402)
	at com.selenium.base.DriverBase.findElement(DriverBase.java:54)
	at com.selenium.page.BasePage.element(BasePage.java:25)
	at com.selenium.page.CardPage.cardlistEle(CardPage.java:170)
	at com.selenium.page.CardPage.addedCardNo(CardPage.java:176)
	at com.selenium.bussiness.CardPro.delcard(CardPro.java:127)
	at com.selenium.testCase.CardStuTest.testDelCard(CardStuTest.java:75)
	at sun.reflect.NativeMethodAccessorImpl.invoke0(Native Method)
	at sun.reflect.NativeMethodAccessorImpl.invoke(NativeMethodAccessorImpl.java:62)
	at sun.reflect.DelegatingMethodAccessorImpl.invoke(DelegatingMethodAccessorImpl.java:43)
	at java.lang.reflect.Method.invoke(Method.java:498)
	at org.testng.internal.MethodInvocationHelper.invokeMethod(MethodInvocationHelper.java:104)
	at org.testng.internal.Invoker.invokeMethod(Invoker.java:645)
	at org.testng.internal.Invoker.invokeTestMethod(Invoker.java:851)
	at org.testng.internal.Invoker.invokeTestMethods(Invoker.java:1177)
	at org.testng.internal.TestMethodWorker.invokeTestMethods(TestMethodWorker.java:129)
	at org.testng.internal.TestMethodWorker.run(TestMethodWorker.java:112)
	at org.testng.TestRunner.privateRun(TestRunner.java:756)
	at org.testng.TestRunner.run(TestRunner.java:610)
	at org.testng.SuiteRunner.runTest(SuiteRunner.java:387)
	at org.testng.SuiteRunner.runSequentially(SuiteRunner.java:382)
	at org.testng.SuiteRunner.privateRun(SuiteRunner.java:340)
	at org.testng.SuiteRunner.run(SuiteRunner.java:289)
	at org.testng.SuiteRunnerWorker.runSuite(SuiteRunnerWorker.java:52)
	at org.testng.SuiteRunnerWorker.run(SuiteRunnerWorker.java:86)
	at org.testng.TestNG.runSuitesSequentially(TestNG.java:1293)
	at org.testng.TestNG.runSuitesLocally(TestNG.java:1218)
	at org.testng.TestNG.runSuites(TestNG.java:1133)
	at org.testng.TestNG.run(TestNG.java:1104)
	at org.apache.maven.surefire.testng.TestNGExecutor.run(TestNGExecutor.java:283)
	at org.apache.maven.surefire.testng.TestNGXmlTestSuite.execute(TestNGXmlTestSuite.java:75)
	at org.apache.maven.surefire.testng.TestNGProvider.invoke(TestNGProvider.java:120)
	at org.apache.maven.surefire.booter.ForkedBooter.invokeProviderInSameClassLoader(ForkedBooter.java:383)
	at org.apache.maven.surefire.booter.ForkedBooter.runSuitesInProcess(ForkedBooter.java:344)
	at org.apache.maven.surefire.booter.ForkedBooter.execute(ForkedBooter.java:125)
	at org.apache.maven.surefire.booter.ForkedBooter.main(ForkedBooter.java:417)
]]>
            </full-stacktrace>
          </exception> <!-- org.openqa.selenium.NoSuchElementException -->
          <reporter-output>
          </reporter-output>
        </test-method> <!-- testDelCard -->
        <test-method status="FAIL" signature="testExport()[pri:0, instance:com.selenium.testCase.CardStuTest@282003e1]" name="testExport" duration-ms="17046" started-at="2019-04-29T19:19:52Z" finished-at="2019-04-29T19:20:09Z">
          <exception class="java.lang.AssertionError">
            <message>
              <![CDATA[expected [false] but found [true]]]>
            </message>
            <full-stacktrace>
              <![CDATA[java.lang.AssertionError: expected [false] but found [true]
	at org.testng.Assert.fail(Assert.java:94)
	at org.testng.Assert.failNotEquals(Assert.java:513)
	at org.testng.Assert.assertEqualsImpl(Assert.java:135)
	at org.testng.Assert.assertEquals(Assert.java:116)
	at org.testng.Assert.assertEquals(Assert.java:305)
	at org.testng.Assert.assertEquals(Assert.java:315)
	at com.selenium.testCase.CardStuTest.testExport(CardStuTest.java:61)
	at sun.reflect.NativeMethodAccessorImpl.invoke0(Native Method)
	at sun.reflect.NativeMethodAccessorImpl.invoke(NativeMethodAccessorImpl.java:62)
	at sun.reflect.DelegatingMethodAccessorImpl.invoke(DelegatingMethodAccessorImpl.java:43)
	at java.lang.reflect.Method.invoke(Method.java:498)
	at org.testng.internal.MethodInvocationHelper.invokeMethod(MethodInvocationHelper.java:104)
	at org.testng.internal.Invoker.invokeMethod(Invoker.java:645)
	at org.testng.internal.Invoker.invokeTestMethod(Invoker.java:851)
	at org.testng.internal.Invoker.invokeTestMethods(Invoker.java:1177)
	at org.testng.internal.TestMethodWorker.invokeTestMethods(TestMethodWorker.java:129)
	at org.testng.internal.TestMethodWorker.run(TestMethodWorker.java:112)
	at org.testng.TestRunner.privateRun(TestRunner.java:756)
	at org.testng.TestRunner.run(TestRunner.java:610)
	at org.testng.SuiteRunner.runTest(SuiteRunner.java:387)
	at org.testng.SuiteRunner.runSequentially(SuiteRunner.java:382)
	at org.testng.SuiteRunner.privateRun(SuiteRunner.java:340)
	at org.testng.SuiteRunner.run(SuiteRunner.java:289)
	at org.testng.SuiteRunnerWorker.runSuite(SuiteRunnerWorker.java:52)
	at org.testng.SuiteRunnerWorker.run(SuiteRunnerWorker.java:86)
	at org.testng.TestNG.runSuitesSequentially(TestNG.java:1293)
	at org.testng.TestNG.runSuitesLocally(TestNG.java:1218)
	at org.testng.TestNG.runSuites(TestNG.java:1133)
	at org.testng.TestNG.run(TestNG.java:1104)
	at org.apache.maven.surefire.testng.TestNGExecutor.run(TestNGExecutor.java:283)
	at org.apache.maven.surefire.testng.TestNGXmlTestSuite.execute(TestNGXmlTestSuite.java:75)
	at org.apache.maven.surefire.testng.TestNGProvider.invoke(TestNGProvider.java:120)
	at org.apache.maven.surefire.booter.ForkedBooter.invokeProviderInSameClassLoader(ForkedBooter.java:383)
	at org.apache.maven.surefire.booter.ForkedBooter.runSuitesInProcess(ForkedBooter.java:344)
	at org.apache.maven.surefire.booter.ForkedBooter.execute(ForkedBooter.java:125)
	at org.apache.maven.surefire.booter.ForkedBooter.main(ForkedBooter.java:417)
]]>
            </full-stacktrace>
          </exception> <!-- java.lang.AssertionError -->
          <reporter-output>
          </reporter-output>
        </test-method> <!-- testExport -->
        <test-method status="PASS" signature="afterClass()[pri:0, instance:com.selenium.testCase.CardStuTest@282003e1]" name="afterClass" is-config="true" duration-ms="86" started-at="2019-04-29T19:20:09Z" finished-at="2019-04-29T19:20:09Z">
          <reporter-output>
          </reporter-output>
        </test-method> <!-- afterClass -->
      </class> <!-- com.selenium.testCase.CardStuTest -->
    </test> <!-- NewTest1 -->
  </suite> <!-- Suite -->
</testng-results>
